[+] Containers:
 |- [+] Container: /Game/FirstPerson/Maps/FirstPersonMap
 |   |- [+] ActorDescs:
 |   |   |- Guid:0C2276F94F0556B940A9779D8C8002CB BaseClass: NativeClass:/Script/Engine.SkyAtmosphere Name:SkyAtmosphere_UAID_4CCC6A277F8F41CF01_1176225195 Label:SkyAtmosphere SpatiallyLoaded:0 Bounds:IsValid=true, Min=(X=1700.000 Y=1320.000 Z=540.000), Max=(X=1700.000 Y=1320.000 Z=540.000) RuntimeGrid:None EditorOnly:0 RuntimeOnly:0 HLODRelevant:0 FolderPath:Lighting FolderGuid:0BA5F0A04EADB18E70D5B180D08FA34B
 |   |   |- Guid:1191066C49170131D0518290F0247BFB BaseClass: NativeClass:/Script/Engine.StaticMeshActor Name:StaticMeshActor_UAID_4CCC6A277F8F0FCF01_1431683451 Label:chair_blue2 SpatiallyLoaded:1 Bounds:IsValid=true, Min=(X=983.194 Y=1053.229 Z=-0.027), Max=(X=1065.054 Y=1140.928 Z=126.728) RuntimeGrid:None EditorOnly:0 RuntimeOnly:0 HLODRelevant:1
 |   |   |- Guid:1A11A7CE43F7F74497F0FFAAC820D812 BaseClass: NativeClass:/Script/Engine.StaticMeshActor Name:StaticMeshActor_UAID_4CCC6A277F8F0DCF01_1454477056 Label:DOORWAY_GREEN_BETON SpatiallyLoaded:1 Bounds:IsValid=true, Min=(X=1349.946 Y=1030.000 Z=-0.165), Max=(X=1610.054 Y=1050.000 Z=399.835) RuntimeGrid:None EditorOnly:0 RuntimeOnly:0 HLODRelevant:1
 |   |   |- Guid:1D97241B4A56FF3431A0DB808B4D0533 BaseClass: NativeClass:/Script/Engine.StaticMeshActor Name:StaticMeshActor_UAID_4CCC6A277F8F41CF01_1361191202 Label:chair_blue8 SpatiallyLoaded:1 Bounds:IsValid=true, Min=(X=396.055 Y=1060.887 Z=-0.027), Max=(X=472.594 Y=1143.695 Z=126.728) RuntimeGrid:None EditorOnly:0 RuntimeOnly:0 HLODRelevant:1
 |   |   |- Guid:2733B6F74B46AF90743F96ABDE65B134 BaseClass: NativeClass:/Script/Engine.StaticMeshActor Name:StaticMeshActor_UAID_4CCC6A277F8F0ECF01_1807056256 Label:Floor_400x403 SpatiallyLoaded:1 Bounds:IsValid=true, Min=(X=-250.000 Y=-180.000 Z=-20.000), Max=(X=550.000 Y=620.000 Z=0.000) RuntimeGrid:None EditorOnly:0 RuntimeOnly:0 HLODRelevant:1
 |   |   |- Guid:28687EF845C6B70CF53F34891B1086AC BaseClass: NativeClass:/Script/Engine.StaticMeshActor Name:StaticMeshActor_UAID_4CCC6A277F8F41CF01_1353136200 Label:chair_blue6 SpatiallyLoaded:1 Bounds:IsValid=true, Min=(X=527.141 Y=1052.025 Z=-0.027), Max=(X=613.317 Y=1143.649 Z=126.728) RuntimeGrid:None EditorOnly:0 RuntimeOnly:0 HLODRelevant:1
 |   |   |- Guid:2F666F0E46DCC1ACABFC0EBD3BF15EF9 BaseClass: NativeClass:/Script/Engine.StaticMeshActor Name:StaticMeshActor_UAID_4CCC6A277F8F0ECF01_1372293246 Label:ROOF_METAL6 SpatiallyLoaded:1 Bounds:IsValid=true, Min=(X=462.252 Y=653.349 Z=392.895), Max=(X=847.969 Y=1039.971 Z=407.105) RuntimeGrid:None EditorOnly:0 RuntimeOnly:0 HLODRelevant:1 FolderPath:Roof FolderGuid:8184154D4D03086C60CD26944F1D6D0E
 |   |   |- Guid:2FDBDD3641D2B1C175E58D8047250356 BaseClass: NativeClass:/Script/Engine.StaticMeshActor Name:StaticMeshActor_UAID_4CCC6A277F8F42CF01_1471030383 Label:WALL_GREEN15 SpatiallyLoaded:1 Bounds:IsValid=true, Min=(X=530.000 Y=-190.000 Z=-0.165), Max=(X=930.000 Y=-170.000 Z=399.835) RuntimeGrid:None EditorOnly:0 RuntimeOnly:0 HLODRelevant:1
 |   |   |- Guid:30860DA34D950D89A0F0DC8A68006D41 BaseClass: NativeClass:/Script/Engine.StaticMeshActor Name:StaticMeshActor_UAID_4CCC6A277F8F0ECF01_1835220259 Label:WALL_GREEN11 SpatiallyLoaded:1 Bounds:IsValid=true, Min=(X=1610.000 Y=1020.000 Z=-0.165), Max=(X=1630.000 Y=1420.000 Z=399.835) RuntimeGrid:None EditorOnly:0 RuntimeOnly:0 HLODRelevant:1
 |   |   |- Guid:323D5C3946E3D770BA037698F2120AB2 BaseClass: NativeClass:/Script/Engine.PointLight Name:PointLight_UAID_4CCC6A277F8F40CF01_2145924016 Label:PointLight2 SpatiallyLoaded:1 Bounds:IsValid=true, Min=(X=310.000 Y=210.000 Z=-660.000), Max=(X=2310.000 Y=2210.000 Z=1340.000) RuntimeGrid:None EditorOnly:0 RuntimeOnly:0 HLODRelevant:0
 |   |   |- Guid:37C0010B45F0019733B5C297C0F0D6F0 BaseClass: NativeClass:/Script/Engine.DirectionalLight Name:DirectionalLight_UAID_4CCC6A277F8F41CF01_1125411193 Label:DirectionalLight SpatiallyLoaded:0 Bounds:IsValid=true, Min=(X=-4398046511104.000 Y=-4398046511104.000 Z=-4398046511104.000), Max=(X=4398046511104.000 Y=4398046511104.000 Z=4398046511104.000) RuntimeGrid:None EditorOnly:0 RuntimeOnly:0 HLODRelevant:0 FolderPath:Lighting FolderGuid:0BA5F0A04EADB18E70D5B180D08FA34B
 |   |   |- Guid:381A0F1F407275A61118529C3AA8AB36 BaseClass: NativeClass:/Script/Engine.PointLight Name:PointLight_UAID_4CCC6A277F8F41CF01_1138062194 Label:PointLight3 SpatiallyLoaded:1 Bounds:IsValid=true, Min=(X=500.000 Y=-370.000 Z=-1100.000), Max=(X=2500.000 Y=1630.000 Z=900.000) RuntimeGrid:None EditorOnly:0 RuntimeOnly:0 HLODRelevant:0
 |   |   |- Guid:45D2882A44A64C530EE63DBE1A206D37 BaseClass: NativeClass:/Script/Engine.StaticMeshActor Name:StaticMeshActor_UAID_4CCC6A277F8F0ECF01_1375199248 Label:ROOF_METAL8 SpatiallyLoaded:1 Bounds:IsValid=true, Min=(X=82.252 Y=653.349 Z=392.895), Max=(X=467.969 Y=1039.971 Z=407.105) RuntimeGrid:None EditorOnly:0 RuntimeOnly:0 HLODRelevant:1 FolderPath:Roof FolderGuid:8184154D4D03086C60CD26944F1D6D0E
 |   |   |- Guid:52A4BCFB49F40361844D8484D973560A BaseClass: NativeClass:/Script/Engine.StaticMeshActor Name:StaticMeshActor_UAID_4CCC6A277F8F0FCF01_1408340450 Label:chair_blue SpatiallyLoaded:1 Bounds:IsValid=true, Min=(X=1068.926 Y=1048.793 Z=-0.027), Max=(X=1151.378 Y=1137.034 Z=126.728) RuntimeGrid:None EditorOnly:0 RuntimeOnly:0 HLODRelevant:1
 |   |   |- Guid:536BAA91435A79B89BB32F823FB81AAE BaseClass: NativeClass:/Script/Engine.StaticMeshActor Name:StaticMeshActor_UAID_4CCC6A277F8F0DCF01_1829138060 Label:WALL_WINDOWS_GREEN_1 SpatiallyLoaded:1 Bounds:IsValid=true, Min=(X=290.000 Y=1030.000 Z=-0.165), Max=(X=690.000 Y=1050.000 Z=399.835) RuntimeGrid:None EditorOnly:0 RuntimeOnly:0 HLODRelevant:1
 |   |   |- Guid:576AB6A24ECA58DA0B778982EEE801F8 BaseClass: NativeClass:/Script/Engine.StaticMeshActor Name:StaticMeshActor_UAID_4CCC6A277F8F0ECF01_1165713242 Label:ROOF_METAL2 SpatiallyLoaded:1 Bounds:IsValid=true, Min=(X=1222.252 Y=653.349 Z=392.895), Max=(X=1607.969 Y=1039.971 Z=407.105) RuntimeGrid:None EditorOnly:0 RuntimeOnly:0 HLODRelevant:1 FolderPath:Roof FolderGuid:8184154D4D03086C60CD26944F1D6D0E
 |   |   |- Guid:58CC68A6440DE2F67E16B78BAFC3924B BaseClass: NativeClass:/Script/Engine.StaticMeshActor Name:StaticMeshActor_UAID_4CCC6A277F8F0ECF01_1582179250 Label:Floor_400x400 SpatiallyLoaded:1 Bounds:IsValid=true, Min=(X=550.000 Y=630.000 Z=-20.000), Max=(X=1350.000 Y=1430.000 Z=0.000) RuntimeGrid:None EditorOnly:0 RuntimeOnly:0 HLODRelevant:1
 |   |   |- Guid:5917343F4864C013BFAD0FA42047D084 BaseClass: NativeClass:/Script/Engine.StaticMeshActor Name:StaticMeshActor_UAID_4CCC6A277F8F0DCF01_1229086046 Label:WALL_GREEN SpatiallyLoaded:1 Bounds:IsValid=true, Min=(X=1330.000 Y=630.000 Z=-0.165), Max=(X=1350.000 Y=1030.000 Z=399.835) RuntimeGrid:None EditorOnly:0 RuntimeOnly:0 HLODRelevant:1
 |   |   |- Guid:5B1D9ACA4D75D29D81CB4BB6D33C58DF BaseClass: NativeClass:/Script/Engine.PointLight Name:PointLight_UAID_4CCC6A277F8F40CF01_2136488015 Label:PointLight SpatiallyLoaded:1 Bounds:IsValid=true, Min=(X=-500.000 Y=210.000 Z=-660.000), Max=(X=1500.000 Y=2210.000 Z=1340.000) RuntimeGrid:None EditorOnly:0 RuntimeOnly:0 HLODRelevant:0
 |   |   |- Guid:5E074A2049F0153151CC6B9C16F2C01D BaseClass: NativeClass:/Script/Engine.StaticMeshActor Name:StaticMeshActor_UAID_4CCC6A277F8F0DCF01_1901919061 Label:WALL_FOR_DOOR SpatiallyLoaded:1 Bounds:IsValid=true, Min=(X=270.000 Y=389.946 Z=-0.165), Max=(X=290.000 Y=650.054 Z=399.835) RuntimeGrid:None EditorOnly:0 RuntimeOnly:0 HLODRelevant:1
 |   |   |- Guid:5FE26E5C4D28BE975F7FE8A9D7882917 BaseClass: NativeClass:/Script/Engine.StaticMeshActor Name:StaticMeshActor_UAID_4CCC6A277F8F41CF01_1358872201 Label:chair_blue7 SpatiallyLoaded:1 Bounds:IsValid=true, Min=(X=459.868 Y=1054.516 Z=-0.027), Max=(X=540.508 Y=1141.100 Z=126.728) RuntimeGrid:None EditorOnly:0 RuntimeOnly:0 HLODRelevant:1
 |   |   |- Guid:61850D9A400C763569C12CB8FD11FADC BaseClass: NativeClass:/Script/Engine.StaticMeshActor Name:StaticMeshActor_UAID_4CCC6A277F8F0FCF01_1288493443 Label:table4 SpatiallyLoaded:1 Bounds:IsValid=true, Min=(X=514.806 Y=449.076 Z=-1.808), Max=(X=657.574 Y=584.123 Z=122.385) RuntimeGrid:None EditorOnly:0 RuntimeOnly:0 HLODRelevant:1
 |   |   |- Guid:627E72C34C1E9019A963568F2064BDC2 BaseClass: NativeClass:/Script/Engine.StaticMeshActor Name:StaticMeshActor_UAID_4CCC6A277F8F0ECF01_1369971243 Label:ROOF_METAL3 SpatiallyLoaded:1 Bounds:IsValid=true, Min=(X=842.252 Y=1033.349 Z=392.895), Max=(X=1227.969 Y=1419.971 Z=407.105) RuntimeGrid:None EditorOnly:0 RuntimeOnly:0 HLODRelevant:1 FolderPath:Roof FolderGuid:8184154D4D03086C60CD26944F1D6D0E
 |   |   |- Guid:65F343C74424778E9BDF42B05419F024 BaseClass: NativeClass:/Script/Engine.StaticMeshActor Name:StaticMeshActor_UAID_4CCC6A277F8F41CF01_1224604197 Label:chair_blue3 SpatiallyLoaded:1 Bounds:IsValid=true, Min=(X=822.374 Y=1048.946 Z=-0.027), Max=(X=898.912 Y=1131.754 Z=126.728) RuntimeGrid:None EditorOnly:0 RuntimeOnly:0 HLODRelevant:1
 |   |   |- Guid:6A4AE26F4E19611897B365B123A7DE19 BaseClass: NativeClass:/Script/Engine.StaticMeshActor Name:StaticMeshActor_UAID_4CCC6A277F8F0FCF01_1286121442 Label:table3 SpatiallyLoaded:1 Bounds:IsValid=true, Min=(X=1158.145 Y=432.882 Z=-1.808), Max=(X=1284.501 Y=542.128 Z=122.385) RuntimeGrid:None EditorOnly:0 RuntimeOnly:0 HLODRelevant:1
 |   |   |- Guid:6B3D4B1840E664F5E5283395A616BDD5 BaseClass: NativeClass:/Script/Engine.StaticMeshActor Name:StaticMeshActor_UAID_4CCC6A277F8F0DCF01_1270702052 Label:WALL_GREEN7 SpatiallyLoaded:1 Bounds:IsValid=true, Min=(X=410.000 Y=1420.000 Z=-0.165), Max=(X=810.000 Y=1440.000 Z=399.835) RuntimeGrid:None EditorOnly:0 RuntimeOnly:0 HLODRelevant:1
 |   |   |- Guid:6FB03718464C652D4C1538BDDED5A2CE BaseClass: NativeClass:/Script/Engine.StaticMeshActor Name:StaticMeshActor_UAID_4CCC6A277F8F0ECF01_2111863262 Label:table SpatiallyLoaded:1 Bounds:IsValid=true, Min=(X=743.883 Y=332.050 Z=-1.808), Max=(X=856.117 Y=423.191 Z=122.385) RuntimeGrid:None EditorOnly:0 RuntimeOnly:0 HLODRelevant:1
 |   |   |- Guid:6FEFB3BD4EB37B849EF0D4AC80F83855 BaseClass: NativeClass:/Script/Engine.WorldDataLayers Name:WorldDataLayers Label:WorldDataLayers SpatiallyLoaded:0 Bounds:IsValid=true, Min=(X=0.000 Y=0.000 Z=0.000), Max=(X=0.000 Y=0.000 Z=0.000) RuntimeGrid:None EditorOnly:0 RuntimeOnly:0 HLODRelevant:0
 |   |   |- Guid:734B55E041744B35107C3980EFE0B771 BaseClass: NativeClass:/Script/Engine.StaticMeshActor Name:StaticMeshActor_UAID_4CCC6A277F8F0ECF01_1149396241 Label:ROOF_METAL SpatiallyLoaded:1 Bounds:IsValid=true, Min=(X=1222.252 Y=1033.349 Z=392.895), Max=(X=1607.969 Y=1419.971 Z=407.105) RuntimeGrid:None EditorOnly:0 RuntimeOnly:0 HLODRelevant:1 FolderPath:Roof FolderGuid:8184154D4D03086C60CD26944F1D6D0E
 |   |   |- Guid:78FB2AFD487A92495D77DE81E1C721E7 BaseClass: NativeClass:/Script/Engine.StaticMeshActor Name:StaticMeshActor_UAID_4CCC6A277F8F0DCF01_1257786049 Label:WALL_GREEN4 SpatiallyLoaded:1 Bounds:IsValid=true, Min=(X=-10.000 Y=1020.000 Z=-0.165), Max=(X=10.000 Y=1420.000 Z=399.835) RuntimeGrid:None EditorOnly:0 RuntimeOnly:0 HLODRelevant:1
 |   |   |- Guid:86EB6B2C4803BD35E13C33BDD6D7A0B7 BaseClass: NativeClass:/Script/Engine.StaticMeshActor Name:StaticMeshActor_UAID_4CCC6A277F8F42CF01_1285815381 Label:WALL_GREEN13 SpatiallyLoaded:1 Bounds:IsValid=true, Min=(X=1330.000 Y=-170.000 Z=-0.165), Max=(X=1350.000 Y=230.000 Z=399.835) RuntimeGrid:None EditorOnly:0 RuntimeOnly:0 HLODRelevant:1
 |   |   |- Guid:8911FD73425921C5987556A2880AFE41 BaseClass: NativeClass:/Script/Engine.StaticMeshActor Name:StaticMeshActor_UAID_4CCC6A277F8F0DCF01_1795796059 Label:WALL_WINDOWS_GREEN_2 SpatiallyLoaded:1 Bounds:IsValid=true, Min=(X=690.000 Y=1030.000 Z=-0.165), Max=(X=1090.000 Y=1050.000 Z=399.835) RuntimeGrid:None EditorOnly:0 RuntimeOnly:0 HLODRelevant:1
 |   |   |- Guid:91D4CA454E312226DDFCBA9AF418895E BaseClass: NativeClass:/Script/Engine.StaticMeshActor Name:StaticMeshActor_UAID_4CCC6A277F8F42CF01_1471026382 Label:WALL_GREEN14 SpatiallyLoaded:1 Bounds:IsValid=true, Min=(X=130.000 Y=-190.000 Z=-0.165), Max=(X=530.000 Y=-170.000 Z=399.835) RuntimeGrid:None EditorOnly:0 RuntimeOnly:0 HLODRelevant:1
 |   |   |- Guid:956BE2674FA3786711F7F8BBCC9BE12A BaseClass: NativeClass:/Script/Engine.StaticMeshActor Name:StaticMeshActor_UAID_4CCC6A277F8F42CF01_1657047385 Label:WALL_GREEN17 SpatiallyLoaded:1 Bounds:IsValid=true, Min=(X=-10.000 Y=-180.000 Z=-0.165), Max=(X=10.000 Y=220.000 Z=399.835) RuntimeGrid:None EditorOnly:0 RuntimeOnly:0 HLODRelevant:1
 |   |   |- Guid:963F3CC843A3E7B5CD97C5A86F52D240 BaseClass: NativeClass:/Script/Engine.StaticMeshActor Name:StaticMeshActor_UAID_4CCC6A277F8F0DCF01_1731412057 Label:WALL_SMALL_GREEN SpatiallyLoaded:1 Bounds:IsValid=true, Min=(X=1089.946 Y=1030.000 Z=-0.165), Max=(X=1350.054 Y=1050.000 Z=399.835) RuntimeGrid:None EditorOnly:0 RuntimeOnly:0 HLODRelevant:1
 |   |   |- Guid:9C6388FC49CE8BD1E8249FB15FEFE8AA BaseClass: NativeClass:/Script/Engine.StaticMeshActor Name:StaticMeshActor_UAID_4CCC6A277F8F0ECF01_1807053255 Label:Floor_400x402 SpatiallyLoaded:1 Bounds:IsValid=true, Min=(X=550.000 Y=-170.000 Z=-20.000), Max=(X=1350.000 Y=630.000 Z=0.000) RuntimeGrid:None EditorOnly:0 RuntimeOnly:0 HLODRelevant:1
 |   |   |- Guid:9FC69CCD457F2AB191C6A4ADCB44473B BaseClass: NativeClass:/Script/Engine.StaticMeshActor Name:StaticMeshActor_UAID_4CCC6A277F8F0DCF01_1270703053 Label:WALL_GREEN8 SpatiallyLoaded:1 Bounds:IsValid=true, Min=(X=10.000 Y=1420.000 Z=-0.165), Max=(X=410.000 Y=1440.000 Z=399.835) RuntimeGrid:None EditorOnly:0 RuntimeOnly:0 HLODRelevant:1
 |   |   |- Guid:9FCA769245146EB94AF530B47A24BD07 BaseClass: NativeClass:/Script/Engine.StaticMeshActor Name:StaticMeshActor_UAID_4CCC6A277F8F41CF01_1296409199 Label:chair_blue5 SpatiallyLoaded:1 Bounds:IsValid=true, Min=(X=702.936 Y=1153.159 Z=-9.422), Max=(X=795.385 Y=1290.091 Z=74.488) RuntimeGrid:None EditorOnly:0 RuntimeOnly:0 HLODRelevant:1
 |   |   |- Guid:A354B1B24E617A525DC6B48CCDE2417E BaseClass: NativeClass:/Script/Engine.PlayerStart Name:PlayerStart_0 Label:PlayerStart SpatiallyLoaded:0 Bounds:IsValid=true, Min=(X=600.000 Y=310.000 Z=-87.000), Max=(X=680.000 Y=390.000 Z=97.000) RuntimeGrid:None EditorOnly:0 RuntimeOnly:0 HLODRelevant:0
 |   |   |- Guid:A3DD930B43273A1F95BA0EA80AE92502 BaseClass: NativeClass:/Script/Engine.StaticMeshActor Name:StaticMeshActor_UAID_4CCC6A277F8F42CF01_1728408388 Label:Floor_400x406 SpatiallyLoaded:1 Bounds:IsValid=true, Min=(X=1350.000 Y=630.000 Z=-20.000), Max=(X=1750.000 Y=1030.000 Z=0.000) RuntimeGrid:None EditorOnly:0 RuntimeOnly:0 HLODRelevant:1
 |   |   |- Guid:A40AF3B54F98BB756A04FA981EEBC15D BaseClass: NativeClass:/Script/Engine.StaticMeshActor Name:StaticMeshActor_UAID_4CCC6A277F8F42CF01_1688557387 Label:WALL_SMALL_GREEN3 SpatiallyLoaded:1 Bounds:IsValid=true, Min=(X=270.000 Y=-270.054 Z=-0.165), Max=(X=290.000 Y=-9.946 Z=399.835) RuntimeGrid:None EditorOnly:0 RuntimeOnly:0 HLODRelevant:1
 |   |   |- Guid:A5F324C74B73864660A4B88724DCE553 BaseClass: NativeClass:/Script/Engine.StaticMeshActor Name:StaticMeshActor_UAID_4CCC6A277F8F0ECF01_1372291245 Label:ROOF_METAL5 SpatiallyLoaded:1 Bounds:IsValid=true, Min=(X=462.252 Y=1033.349 Z=392.895), Max=(X=847.969 Y=1419.971 Z=407.105) RuntimeGrid:None EditorOnly:0 RuntimeOnly:0 HLODRelevant:1 FolderPath:Roof FolderGuid:8184154D4D03086C60CD26944F1D6D0E
 |   |   |- Guid:AF5CC2804EA807F8CF9379A1B1598F01 BaseClass: NativeClass:/Script/Engine.StaticMeshActor Name:StaticMeshActor_UAID_4CCC6A277F8F0DCF01_1255804048 Label:WALL_GREEN3 SpatiallyLoaded:1 Bounds:IsValid=true, Min=(X=-10.000 Y=620.000 Z=-0.165), Max=(X=10.000 Y=1020.000 Z=399.835) RuntimeGrid:None EditorOnly:0 RuntimeOnly:0 HLODRelevant:1
 |   |   |- Guid:B3FB52B34B17F77A147ED2A2D5B2ECC8 BaseClass: NativeClass:/Script/Engine.StaticMeshActor Name:StaticMeshActor_UAID_4CCC6A277F8F0ECF01_1798072254 Label:Floor_400x401 SpatiallyLoaded:1 Bounds:IsValid=true, Min=(X=-250.000 Y=620.000 Z=-20.000), Max=(X=550.000 Y=1420.000 Z=0.000) RuntimeGrid:None EditorOnly:0 RuntimeOnly:0 HLODRelevant:1
 |   |   |- Guid:B4D4C2DD4BD451763E0D06A613510B49 BaseClass: NativeClass:/Script/Engine.StaticMeshActor Name:StaticMeshActor_UAID_4CCC6A277F8F0ECF01_1375196247 Label:ROOF_METAL7 SpatiallyLoaded:1 Bounds:IsValid=true, Min=(X=82.252 Y=1033.349 Z=392.895), Max=(X=467.969 Y=1419.971 Z=407.105) RuntimeGrid:None EditorOnly:0 RuntimeOnly:0 HLODRelevant:1 FolderPath:Roof FolderGuid:8184154D4D03086C60CD26944F1D6D0E
 |   |   |- Guid:BDFF0064463E0A0C4CD4BC98F6B28EF6 BaseClass: NativeClass:/Script/Engine.StaticMeshActor Name:StaticMeshActor_UAID_4CCC6A277F8F0DCF01_1960436063 Label:WALL_GREEN10 SpatiallyLoaded:1 Bounds:IsValid=true, Min=(X=270.000 Y=-10.000 Z=-0.165), Max=(X=290.000 Y=390.000 Z=399.835) RuntimeGrid:None EditorOnly:0 RuntimeOnly:0 HLODRelevant:1
 |   |   |- Guid:BE3F4DD145D6B9F2C044D5A539DE18D1 BaseClass: NativeClass:/Script/Engine.StaticMeshActor Name:StaticMeshActor_UAID_4CCC6A277F8F42CF01_1284268380 Label:WALL_GREEN12 SpatiallyLoaded:1 Bounds:IsValid=true, Min=(X=1330.000 Y=230.000 Z=-0.165), Max=(X=1350.000 Y=630.000 Z=399.835) RuntimeGrid:None EditorOnly:0 RuntimeOnly:0 HLODRelevant:1
 |   |   |- Guid:BFDA254D4A55D3B2BAAB58ACA4059740 BaseClass: NativeClass:/Script/Engine.StaticMeshActor Name:StaticMeshActor_UAID_4CCC6A277F8F42CF01_1471031384 Label:WALL_GREEN16 SpatiallyLoaded:1 Bounds:IsValid=true, Min=(X=930.000 Y=-190.000 Z=-0.165), Max=(X=1330.000 Y=-170.000 Z=399.835) RuntimeGrid:None EditorOnly:0 RuntimeOnly:0 HLODRelevant:1
 |   |   |- Guid:BFEABB044592B8AFED6EBBADE849BF08 BaseClass: NativeClass:/Script/Engine.StaticMeshActor Name:StaticMeshActor_UAID_4CCC6A277F8F0DCF01_1270698050 Label:WALL_GREEN5 SpatiallyLoaded:1 Bounds:IsValid=true, Min=(X=1210.000 Y=1420.000 Z=-0.165), Max=(X=1610.000 Y=1440.000 Z=399.835) RuntimeGrid:None EditorOnly:0 RuntimeOnly:0 HLODRelevant:1
 |   |   |- Guid:C11D6DEE4D5D767ECF51EFB94D52C1D0 BaseClass: NativeClass:/Script/Engine.StaticMeshActor Name:StaticMeshActor_UAID_4CCC6A277F8F0ECF01_2047532261 Label:DOOR_GLASS SpatiallyLoaded:1 Bounds:IsValid=true, Min=(X=190.533 Y=345.190 Z=1.250), Max=(X=276.928 Y=466.543 Z=248.842) RuntimeGrid:None EditorOnly:0 RuntimeOnly:0 HLODRelevant:1
 |   |   |- Guid:C23AA64D4D983FAF953C0AAAEE61A18A BaseClass: NativeClass:/Script/Engine.StaticMeshActor Name:StaticMeshActor_UAID_4CCC6A277F8F0FCF01_1284057441 Label:table2 SpatiallyLoaded:1 Bounds:IsValid=true, Min=(X=954.287 Y=355.146 Z=-1.808), Max=(X=1090.925 Y=479.176 Z=122.385) RuntimeGrid:None EditorOnly:0 RuntimeOnly:0 HLODRelevant:1
 |   |   |- Guid:CD49B9DA4EA2092A9FEF3B994975DEBA BaseClass: NativeClass:/Script/Engine.StaticMeshActor Name:StaticMeshActor_UAID_4CCC6A277F8F0DCF01_1253455047 Label:WALL_GREEN2 SpatiallyLoaded:1 Bounds:IsValid=true, Min=(X=-10.000 Y=220.000 Z=-0.165), Max=(X=10.000 Y=620.000 Z=399.835) RuntimeGrid:None EditorOnly:0 RuntimeOnly:0 HLODRelevant:1
 |   |   |- Guid:D49A18214FBC9E58ED8FE283C681A050 BaseClass: NativeClass:/Script/Engine.StaticMeshActor Name:StaticMeshActor_UAID_4CCC6A277F8F0FCF01_1294716447 Label:table8 SpatiallyLoaded:1 Bounds:IsValid=true, Min=(X=1112.426 Y=809.076 Z=-1.808), Max=(X=1255.194 Y=944.123 Z=122.385) RuntimeGrid:None EditorOnly:0 RuntimeOnly:0 HLODRelevant:1
 |   |   |- Guid:D55F72F144E188E03D16D48C9F52F2B4 BaseClass: NativeClass:/Script/Engine.StaticMeshActor Name:StaticMeshActor_UAID_4CCC6A277F8F0ECF01_1369973244 Label:ROOF_METAL4 SpatiallyLoaded:1 Bounds:IsValid=true, Min=(X=842.252 Y=653.349 Z=392.895), Max=(X=1227.969 Y=1039.971 Z=407.105) RuntimeGrid:None EditorOnly:0 RuntimeOnly:0 HLODRelevant:1 FolderPath:Roof FolderGuid:8184154D4D03086C60CD26944F1D6D0E
 |   |   |- Guid:D6C284B34875D6D60F325094366297F6 BaseClass: NativeClass:/Script/Engine.StaticMeshActor Name:StaticMeshActor_UAID_4CCC6A277F8F0FCF01_1293088446 Label:table7 SpatiallyLoaded:1 Bounds:IsValid=true, Min=(X=935.499 Y=652.882 Z=-1.808), Max=(X=1061.855 Y=762.128 Z=122.385) RuntimeGrid:None EditorOnly:0 RuntimeOnly:0 HLODRelevant:1
 |   |   |- Guid:D9E197754DFA78E9D3EC3684ED2B2954 BaseClass: NativeClass:/Script/Engine.StaticMeshActor Name:StaticMeshActor_UAID_4CCC6A277F8F0FCF01_1157497440 Label:teatcher_table SpatiallyLoaded:1 Bounds:IsValid=true, Min=(X=465.013 Y=13.602 Z=-0.891), Max=(X=758.354 Y=182.223 Z=137.808) RuntimeGrid:None EditorOnly:0 RuntimeOnly:0 HLODRelevant:1
 |   |   |- Guid:DAFE97A74A3EF878842F2AABE36E71CD BaseClass: NativeClass:/Script/Engine.StaticMeshActor Name:StaticMeshActor_UAID_4CCC6A277F8F0FCF01_1291870445 Label:table6 SpatiallyLoaded:1 Bounds:IsValid=true, Min=(X=690.176 Y=705.849 Z=-3.191), Max=(X=857.457 Y=871.656 Z=87.950) RuntimeGrid:None EditorOnly:0 RuntimeOnly:0 HLODRelevant:1
 |   |   |- Guid:E202B7844C7F5960F900F4A8C3EB9C59 BaseClass: NativeClass:/Script/Engine.StaticMeshActor Name:StaticMeshActor_UAID_4CCC6A277F8F42CF01_1674224386 Label:WALL_SMALL_GREEN2 SpatiallyLoaded:1 Bounds:IsValid=true, Min=(X=-130.054 Y=-190.000 Z=-0.165), Max=(X=130.054 Y=-170.000 Z=399.835) RuntimeGrid:None EditorOnly:0 RuntimeOnly:0 HLODRelevant:1
 |   |   |- Guid:E44B6E8F4D8415E7D4474890743AF042 BaseClass: NativeClass:/Script/Engine.StaticMeshActor Name:StaticMeshActor_UAID_4CCC6A277F8F0DCF01_1911619062 Label:WALL_GREEN9 SpatiallyLoaded:1 Bounds:IsValid=true, Min=(X=270.000 Y=650.000 Z=-0.165), Max=(X=290.000 Y=1050.000 Z=399.835) RuntimeGrid:None EditorOnly:0 RuntimeOnly:0 HLODRelevant:1
 |   |   |- Guid:E4AB368E4698FC560D0CAEB5D186EB3C BaseClass: NativeClass:/Script/Engine.StaticMeshActor Name:StaticMeshActor_UAID_4CCC6A277F8F0ECF01_1823442258 Label:Floor_400x405 SpatiallyLoaded:1 Bounds:IsValid=true, Min=(X=1350.000 Y=1030.000 Z=-20.000), Max=(X=1750.000 Y=1430.000 Z=0.000) RuntimeGrid:None EditorOnly:0 RuntimeOnly:0 HLODRelevant:1
 |   |   |- Guid:E717DA0B41F47FFEDE72FB970EF14244 BaseClass: NativeClass:/Script/Engine.StaticMeshActor Name:StaticMeshActor_UAID_4CCC6A277F8F41CF01_1225990198 Label:chair_blue4 SpatiallyLoaded:1 Bounds:IsValid=true, Min=(X=599.184 Y=1060.887 Z=-0.027), Max=(X=675.722 Y=1143.695 Z=126.728) RuntimeGrid:None EditorOnly:0 RuntimeOnly:0 HLODRelevant:1
 |   |   |- Guid:EE66F4454A4A9F99393F559AB739C05E BaseClass:/Game/FirstPerson/Blueprints/BP_Pickup_Rifle.BP_Pickup_Rifle_C NativeClass:/Script/Engine.Actor Name:BP_Rifle_C_1 Label:BP_Pickup_Rifle SpatiallyLoaded:1 Bounds:IsValid=true, Min=(X=1378.000 Y=818.000 Z=64.000), Max=(X=1442.000 Y=907.440 Z=128.000) RuntimeGrid:None EditorOnly:0 RuntimeOnly:0 HLODRelevant:0
 |   |   |- Guid:EEB6219A4B1454387D9BCCAC96A82B8A BaseClass: NativeClass:/Script/Engine.StaticMeshActor Name:StaticMeshActor_UAID_4CCC6A277F8F0FCF01_1290526444 Label:table5 SpatiallyLoaded:1 Bounds:IsValid=true, Min=(X=422.426 Y=689.076 Z=-1.808), Max=(X=565.194 Y=824.123 Z=122.385) RuntimeGrid:None EditorOnly:0 RuntimeOnly:0 HLODRelevant:1
 |   |   |- Guid:F683284247185214E120E88D7907930B BaseClass: NativeClass:/Script/Engine.StaticMeshActor Name:StaticMeshActor_UAID_4CCC6A277F8F0ECF01_1940991260 Label:DOOR_FOR_GLASS SpatiallyLoaded:1 Bounds:IsValid=true, Min=(X=266.416 Y=444.972 Z=-0.000), Max=(X=293.506 Y=595.028 Z=262.597) RuntimeGrid:None EditorOnly:0 RuntimeOnly:0 HLODRelevant:1
 |   |   |- Guid:F71F22734B279690540DF8B8101AF89E BaseClass: NativeClass:/Script/Engine.StaticMeshActor Name:StaticMeshActor_UAID_4CCC6A277F8F0DCF01_1270700051 Label:WALL_GREEN6 SpatiallyLoaded:1 Bounds:IsValid=true, Min=(X=810.000 Y=1420.000 Z=-0.165), Max=(X=1210.000 Y=1440.000 Z=399.835) RuntimeGrid:None EditorOnly:0 RuntimeOnly:0 HLODRelevant:1
 |   |- [+] Clusters:
 |   |   |- [+] [  0]
 |   |   |   |- Guid:6B3D4B1840E664F5E5283395A616BDD5 BaseClass: NativeClass:/Script/Engine.StaticMeshActor Name:StaticMeshActor_UAID_4CCC6A277F8F0DCF01_1270702052 Label:WALL_GREEN7 SpatiallyLoaded:1 Bounds:IsValid=true, Min=(X=410.000 Y=1420.000 Z=-0.165), Max=(X=810.000 Y=1440.000 Z=399.835) RuntimeGrid:None EditorOnly:0 RuntimeOnly:0 HLODRelevant:1
 |   |   |- [+] [  1]
 |   |   |   |- Guid:D9E197754DFA78E9D3EC3684ED2B2954 BaseClass: NativeClass:/Script/Engine.StaticMeshActor Name:StaticMeshActor_UAID_4CCC6A277F8F0FCF01_1157497440 Label:teatcher_table SpatiallyLoaded:1 Bounds:IsValid=true, Min=(X=465.013 Y=13.602 Z=-0.891), Max=(X=758.354 Y=182.223 Z=137.808) RuntimeGrid:None EditorOnly:0 RuntimeOnly:0 HLODRelevant:1
 |   |   |- [+] [  2]
 |   |   |   |- Guid:D55F72F144E188E03D16D48C9F52F2B4 BaseClass: NativeClass:/Script/Engine.StaticMeshActor Name:StaticMeshActor_UAID_4CCC6A277F8F0ECF01_1369973244 Label:ROOF_METAL4 SpatiallyLoaded:1 Bounds:IsValid=true, Min=(X=842.252 Y=653.349 Z=392.895), Max=(X=1227.969 Y=1039.971 Z=407.105) RuntimeGrid:None EditorOnly:0 RuntimeOnly:0 HLODRelevant:1 FolderPath:Roof FolderGuid:8184154D4D03086C60CD26944F1D6D0E
 |   |   |- [+] [  3]
 |   |   |   |- Guid:2733B6F74B46AF90743F96ABDE65B134 BaseClass: NativeClass:/Script/Engine.StaticMeshActor Name:StaticMeshActor_UAID_4CCC6A277F8F0ECF01_1807056256 Label:Floor_400x403 SpatiallyLoaded:1 Bounds:IsValid=true, Min=(X=-250.000 Y=-180.000 Z=-20.000), Max=(X=550.000 Y=620.000 Z=0.000) RuntimeGrid:None EditorOnly:0 RuntimeOnly:0 HLODRelevant:1
 |   |   |- [+] [  4]
 |   |   |   |- Guid:F71F22734B279690540DF8B8101AF89E BaseClass: NativeClass:/Script/Engine.StaticMeshActor Name:StaticMeshActor_UAID_4CCC6A277F8F0DCF01_1270700051 Label:WALL_GREEN6 SpatiallyLoaded:1 Bounds:IsValid=true, Min=(X=810.000 Y=1420.000 Z=-0.165), Max=(X=1210.000 Y=1440.000 Z=399.835) RuntimeGrid:None EditorOnly:0 RuntimeOnly:0 HLODRelevant:1
 |   |   |- [+] [  5]
 |   |   |   |- Guid:E44B6E8F4D8415E7D4474890743AF042 BaseClass: NativeClass:/Script/Engine.StaticMeshActor Name:StaticMeshActor_UAID_4CCC6A277F8F0DCF01_1911619062 Label:WALL_GREEN9 SpatiallyLoaded:1 Bounds:IsValid=true, Min=(X=270.000 Y=650.000 Z=-0.165), Max=(X=290.000 Y=1050.000 Z=399.835) RuntimeGrid:None EditorOnly:0 RuntimeOnly:0 HLODRelevant:1
 |   |   |- [+] [  6]
 |   |   |   |- Guid:5E074A2049F0153151CC6B9C16F2C01D BaseClass: NativeClass:/Script/Engine.StaticMeshActor Name:StaticMeshActor_UAID_4CCC6A277F8F0DCF01_1901919061 Label:WALL_FOR_DOOR SpatiallyLoaded:1 Bounds:IsValid=true, Min=(X=270.000 Y=389.946 Z=-0.165), Max=(X=290.000 Y=650.054 Z=399.835) RuntimeGrid:None EditorOnly:0 RuntimeOnly:0 HLODRelevant:1
 |   |   |- [+] [  7]
 |   |   |   |- Guid:2F666F0E46DCC1ACABFC0EBD3BF15EF9 BaseClass: NativeClass:/Script/Engine.StaticMeshActor Name:StaticMeshActor_UAID_4CCC6A277F8F0ECF01_1372293246 Label:ROOF_METAL6 SpatiallyLoaded:1 Bounds:IsValid=true, Min=(X=462.252 Y=653.349 Z=392.895), Max=(X=847.969 Y=1039.971 Z=407.105) RuntimeGrid:None EditorOnly:0 RuntimeOnly:0 HLODRelevant:1 FolderPath:Roof FolderGuid:8184154D4D03086C60CD26944F1D6D0E
 |   |   |- [+] [  8]
 |   |   |   |- Guid:E4AB368E4698FC560D0CAEB5D186EB3C BaseClass: NativeClass:/Script/Engine.StaticMeshActor Name:StaticMeshActor_UAID_4CCC6A277F8F0ECF01_1823442258 Label:Floor_400x405 SpatiallyLoaded:1 Bounds:IsValid=true, Min=(X=1350.000 Y=1030.000 Z=-20.000), Max=(X=1750.000 Y=1430.000 Z=0.000) RuntimeGrid:None EditorOnly:0 RuntimeOnly:0 HLODRelevant:1
 |   |   |- [+] [  9]
 |   |   |   |- Guid:6FB03718464C652D4C1538BDDED5A2CE BaseClass: NativeClass:/Script/Engine.StaticMeshActor Name:StaticMeshActor_UAID_4CCC6A277F8F0ECF01_2111863262 Label:table SpatiallyLoaded:1 Bounds:IsValid=true, Min=(X=743.883 Y=332.050 Z=-1.808), Max=(X=856.117 Y=423.191 Z=122.385) RuntimeGrid:None EditorOnly:0 RuntimeOnly:0 HLODRelevant:1
 |   |   |- [+] [ 10]
 |   |   |   |- Guid:CD49B9DA4EA2092A9FEF3B994975DEBA BaseClass: NativeClass:/Script/Engine.StaticMeshActor Name:StaticMeshActor_UAID_4CCC6A277F8F0DCF01_1253455047 Label:WALL_GREEN2 SpatiallyLoaded:1 Bounds:IsValid=true, Min=(X=-10.000 Y=220.000 Z=-0.165), Max=(X=10.000 Y=620.000 Z=399.835) RuntimeGrid:None EditorOnly:0 RuntimeOnly:0 HLODRelevant:1
 |   |   |- [+] [ 11]
 |   |   |   |- Guid:D49A18214FBC9E58ED8FE283C681A050 BaseClass: NativeClass:/Script/Engine.StaticMeshActor Name:StaticMeshActor_UAID_4CCC6A277F8F0FCF01_1294716447 Label:table8 SpatiallyLoaded:1 Bounds:IsValid=true, Min=(X=1112.426 Y=809.076 Z=-1.808), Max=(X=1255.194 Y=944.123 Z=122.385) RuntimeGrid:None EditorOnly:0 RuntimeOnly:0 HLODRelevant:1
 |   |   |- [+] [ 12]
 |   |   |   |- Guid:576AB6A24ECA58DA0B778982EEE801F8 BaseClass: NativeClass:/Script/Engine.StaticMeshActor Name:StaticMeshActor_UAID_4CCC6A277F8F0ECF01_1165713242 Label:ROOF_METAL2 SpatiallyLoaded:1 Bounds:IsValid=true, Min=(X=1222.252 Y=653.349 Z=392.895), Max=(X=1607.969 Y=1039.971 Z=407.105) RuntimeGrid:None EditorOnly:0 RuntimeOnly:0 HLODRelevant:1 FolderPath:Roof FolderGuid:8184154D4D03086C60CD26944F1D6D0E
 |   |   |- [+] [ 13]
 |   |   |   |- Guid:52A4BCFB49F40361844D8484D973560A BaseClass: NativeClass:/Script/Engine.StaticMeshActor Name:StaticMeshActor_UAID_4CCC6A277F8F0FCF01_1408340450 Label:chair_blue SpatiallyLoaded:1 Bounds:IsValid=true, Min=(X=1068.926 Y=1048.793 Z=-0.027), Max=(X=1151.378 Y=1137.034 Z=126.728) RuntimeGrid:None EditorOnly:0 RuntimeOnly:0 HLODRelevant:1
 |   |   |- [+] [ 14]
 |   |   |   |- Guid:AF5CC2804EA807F8CF9379A1B1598F01 BaseClass: NativeClass:/Script/Engine.StaticMeshActor Name:StaticMeshActor_UAID_4CCC6A277F8F0DCF01_1255804048 Label:WALL_GREEN3 SpatiallyLoaded:1 Bounds:IsValid=true, Min=(X=-10.000 Y=620.000 Z=-0.165), Max=(X=10.000 Y=1020.000 Z=399.835) RuntimeGrid:None EditorOnly:0 RuntimeOnly:0 HLODRelevant:1
 |   |   |- [+] [ 15]
 |   |   |   |- Guid:EE66F4454A4A9F99393F559AB739C05E BaseClass:/Game/FirstPerson/Blueprints/BP_Pickup_Rifle.BP_Pickup_Rifle_C NativeClass:/Script/Engine.Actor Name:BP_Rifle_C_1 Label:BP_Pickup_Rifle SpatiallyLoaded:1 Bounds:IsValid=true, Min=(X=1378.000 Y=818.000 Z=64.000), Max=(X=1442.000 Y=907.440 Z=128.000) RuntimeGrid:None EditorOnly:0 RuntimeOnly:0 HLODRelevant:0
 |   |   |- [+] [ 16]
 |   |   |   |- Guid:45D2882A44A64C530EE63DBE1A206D37 BaseClass: NativeClass:/Script/Engine.StaticMeshActor Name:StaticMeshActor_UAID_4CCC6A277F8F0ECF01_1375199248 Label:ROOF_METAL8 SpatiallyLoaded:1 Bounds:IsValid=true, Min=(X=82.252 Y=653.349 Z=392.895), Max=(X=467.969 Y=1039.971 Z=407.105) RuntimeGrid:None EditorOnly:0 RuntimeOnly:0 HLODRelevant:1 FolderPath:Roof FolderGuid:8184154D4D03086C60CD26944F1D6D0E
 |   |   |- [+] [ 17]
 |   |   |   |- Guid:EEB6219A4B1454387D9BCCAC96A82B8A BaseClass: NativeClass:/Script/Engine.StaticMeshActor Name:StaticMeshActor_UAID_4CCC6A277F8F0FCF01_1290526444 Label:table5 SpatiallyLoaded:1 Bounds:IsValid=true, Min=(X=422.426 Y=689.076 Z=-1.808), Max=(X=565.194 Y=824.123 Z=122.385) RuntimeGrid:None EditorOnly:0 RuntimeOnly:0 HLODRelevant:1
 |   |   |- [+] [ 18]
 |   |   |   |- Guid:8911FD73425921C5987556A2880AFE41 BaseClass: NativeClass:/Script/Engine.StaticMeshActor Name:StaticMeshActor_UAID_4CCC6A277F8F0DCF01_1795796059 Label:WALL_WINDOWS_GREEN_2 SpatiallyLoaded:1 Bounds:IsValid=true, Min=(X=690.000 Y=1030.000 Z=-0.165), Max=(X=1090.000 Y=1050.000 Z=399.835) RuntimeGrid:None EditorOnly:0 RuntimeOnly:0 HLODRelevant:1
 |   |   |- [+] [ 19]
 |   |   |   |- Guid:61850D9A400C763569C12CB8FD11FADC BaseClass: NativeClass:/Script/Engine.StaticMeshActor Name:StaticMeshActor_UAID_4CCC6A277F8F0FCF01_1288493443 Label:table4 SpatiallyLoaded:1 Bounds:IsValid=true, Min=(X=514.806 Y=449.076 Z=-1.808), Max=(X=657.574 Y=584.123 Z=122.385) RuntimeGrid:None EditorOnly:0 RuntimeOnly:0 HLODRelevant:1
 |   |   |- [+] [ 20]
 |   |   |   |- Guid:1A11A7CE43F7F74497F0FFAAC820D812 BaseClass: NativeClass:/Script/Engine.StaticMeshActor Name:StaticMeshActor_UAID_4CCC6A277F8F0DCF01_1454477056 Label:DOORWAY_GREEN_BETON SpatiallyLoaded:1 Bounds:IsValid=true, Min=(X=1349.946 Y=1030.000 Z=-0.165), Max=(X=1610.054 Y=1050.000 Z=399.835) RuntimeGrid:None EditorOnly:0 RuntimeOnly:0 HLODRelevant:1
 |   |   |- [+] [ 21]
 |   |   |   |- Guid:734B55E041744B35107C3980EFE0B771 BaseClass: NativeClass:/Script/Engine.StaticMeshActor Name:StaticMeshActor_UAID_4CCC6A277F8F0ECF01_1149396241 Label:ROOF_METAL SpatiallyLoaded:1 Bounds:IsValid=true, Min=(X=1222.252 Y=1033.349 Z=392.895), Max=(X=1607.969 Y=1419.971 Z=407.105) RuntimeGrid:None EditorOnly:0 RuntimeOnly:0 HLODRelevant:1 FolderPath:Roof FolderGuid:8184154D4D03086C60CD26944F1D6D0E
 |   |   |- [+] [ 22]
 |   |   |   |- Guid:D6C284B34875D6D60F325094366297F6 BaseClass: NativeClass:/Script/Engine.StaticMeshActor Name:StaticMeshActor_UAID_4CCC6A277F8F0FCF01_1293088446 Label:table7 SpatiallyLoaded:1 Bounds:IsValid=true, Min=(X=935.499 Y=652.882 Z=-1.808), Max=(X=1061.855 Y=762.128 Z=122.385) RuntimeGrid:None EditorOnly:0 RuntimeOnly:0 HLODRelevant:1
 |   |   |- [+] [ 23]
 |   |   |   |- Guid:B3FB52B34B17F77A147ED2A2D5B2ECC8 BaseClass: NativeClass:/Script/Engine.StaticMeshActor Name:StaticMeshActor_UAID_4CCC6A277F8F0ECF01_1798072254 Label:Floor_400x401 SpatiallyLoaded:1 Bounds:IsValid=true, Min=(X=-250.000 Y=620.000 Z=-20.000), Max=(X=550.000 Y=1420.000 Z=0.000) RuntimeGrid:None EditorOnly:0 RuntimeOnly:0 HLODRelevant:1
 |   |   |- [+] [ 24]
 |   |   |   |- Guid:9FC69CCD457F2AB191C6A4ADCB44473B BaseClass: NativeClass:/Script/Engine.StaticMeshActor Name:StaticMeshActor_UAID_4CCC6A277F8F0DCF01_1270703053 Label:WALL_GREEN8 SpatiallyLoaded:1 Bounds:IsValid=true, Min=(X=10.000 Y=1420.000 Z=-0.165), Max=(X=410.000 Y=1440.000 Z=399.835) RuntimeGrid:None EditorOnly:0 RuntimeOnly:0 HLODRelevant:1
 |   |   |- [+] [ 25]
 |   |   |   |- Guid:B4D4C2DD4BD451763E0D06A613510B49 BaseClass: NativeClass:/Script/Engine.StaticMeshActor Name:StaticMeshActor_UAID_4CCC6A277F8F0ECF01_1375196247 Label:ROOF_METAL7 SpatiallyLoaded:1 Bounds:IsValid=true, Min=(X=82.252 Y=1033.349 Z=392.895), Max=(X=467.969 Y=1419.971 Z=407.105) RuntimeGrid:None EditorOnly:0 RuntimeOnly:0 HLODRelevant:1 FolderPath:Roof FolderGuid:8184154D4D03086C60CD26944F1D6D0E
 |   |   |- [+] [ 26]
 |   |   |   |- Guid:536BAA91435A79B89BB32F823FB81AAE BaseClass: NativeClass:/Script/Engine.StaticMeshActor Name:StaticMeshActor_UAID_4CCC6A277F8F0DCF01_1829138060 Label:WALL_WINDOWS_GREEN_1 SpatiallyLoaded:1 Bounds:IsValid=true, Min=(X=290.000 Y=1030.000 Z=-0.165), Max=(X=690.000 Y=1050.000 Z=399.835) RuntimeGrid:None EditorOnly:0 RuntimeOnly:0 HLODRelevant:1
 |   |   |- [+] [ 27]
 |   |   |   |- Guid:A354B1B24E617A525DC6B48CCDE2417E BaseClass: NativeClass:/Script/Engine.PlayerStart Name:PlayerStart_0 Label:PlayerStart SpatiallyLoaded:0 Bounds:IsValid=true, Min=(X=600.000 Y=310.000 Z=-87.000), Max=(X=680.000 Y=390.000 Z=97.000) RuntimeGrid:None EditorOnly:0 RuntimeOnly:0 HLODRelevant:0
 |   |   |- [+] [ 28]
 |   |   |   |- Guid:C11D6DEE4D5D767ECF51EFB94D52C1D0 BaseClass: NativeClass:/Script/Engine.StaticMeshActor Name:StaticMeshActor_UAID_4CCC6A277F8F0ECF01_2047532261 Label:DOOR_GLASS SpatiallyLoaded:1 Bounds:IsValid=true, Min=(X=190.533 Y=345.190 Z=1.250), Max=(X=276.928 Y=466.543 Z=248.842) RuntimeGrid:None EditorOnly:0 RuntimeOnly:0 HLODRelevant:1
 |   |   |- [+] [ 29]
 |   |   |   |- Guid:9C6388FC49CE8BD1E8249FB15FEFE8AA BaseClass: NativeClass:/Script/Engine.StaticMeshActor Name:StaticMeshActor_UAID_4CCC6A277F8F0ECF01_1807053255 Label:Floor_400x402 SpatiallyLoaded:1 Bounds:IsValid=true, Min=(X=550.000 Y=-170.000 Z=-20.000), Max=(X=1350.000 Y=630.000 Z=0.000) RuntimeGrid:None EditorOnly:0 RuntimeOnly:0 HLODRelevant:1
 |   |   |- [+] [ 30]
 |   |   |   |- Guid:5917343F4864C013BFAD0FA42047D084 BaseClass: NativeClass:/Script/Engine.StaticMeshActor Name:StaticMeshActor_UAID_4CCC6A277F8F0DCF01_1229086046 Label:WALL_GREEN SpatiallyLoaded:1 Bounds:IsValid=true, Min=(X=1330.000 Y=630.000 Z=-0.165), Max=(X=1350.000 Y=1030.000 Z=399.835) RuntimeGrid:None EditorOnly:0 RuntimeOnly:0 HLODRelevant:1
 |   |   |- [+] [ 31]
 |   |   |   |- Guid:DAFE97A74A3EF878842F2AABE36E71CD BaseClass: NativeClass:/Script/Engine.StaticMeshActor Name:StaticMeshActor_UAID_4CCC6A277F8F0FCF01_1291870445 Label:table6 SpatiallyLoaded:1 Bounds:IsValid=true, Min=(X=690.176 Y=705.849 Z=-3.191), Max=(X=857.457 Y=871.656 Z=87.950) RuntimeGrid:None EditorOnly:0 RuntimeOnly:0 HLODRelevant:1
 |   |   |- [+] [ 32]
 |   |   |   |- Guid:C23AA64D4D983FAF953C0AAAEE61A18A BaseClass: NativeClass:/Script/Engine.StaticMeshActor Name:StaticMeshActor_UAID_4CCC6A277F8F0FCF01_1284057441 Label:table2 SpatiallyLoaded:1 Bounds:IsValid=true, Min=(X=954.287 Y=355.146 Z=-1.808), Max=(X=1090.925 Y=479.176 Z=122.385) RuntimeGrid:None EditorOnly:0 RuntimeOnly:0 HLODRelevant:1
 |   |   |- [+] [ 33]
 |   |   |   |- Guid:BDFF0064463E0A0C4CD4BC98F6B28EF6 BaseClass: NativeClass:/Script/Engine.StaticMeshActor Name:StaticMeshActor_UAID_4CCC6A277F8F0DCF01_1960436063 Label:WALL_GREEN10 SpatiallyLoaded:1 Bounds:IsValid=true, Min=(X=270.000 Y=-10.000 Z=-0.165), Max=(X=290.000 Y=390.000 Z=399.835) RuntimeGrid:None EditorOnly:0 RuntimeOnly:0 HLODRelevant:1
 |   |   |- [+] [ 34]
 |   |   |   |- Guid:30860DA34D950D89A0F0DC8A68006D41 BaseClass: NativeClass:/Script/Engine.StaticMeshActor Name:StaticMeshActor_UAID_4CCC6A277F8F0ECF01_1835220259 Label:WALL_GREEN11 SpatiallyLoaded:1 Bounds:IsValid=true, Min=(X=1610.000 Y=1020.000 Z=-0.165), Max=(X=1630.000 Y=1420.000 Z=399.835) RuntimeGrid:None EditorOnly:0 RuntimeOnly:0 HLODRelevant:1
 |   |   |- [+] [ 35]
 |   |   |   |- Guid:F683284247185214E120E88D7907930B BaseClass: NativeClass:/Script/Engine.StaticMeshActor Name:StaticMeshActor_UAID_4CCC6A277F8F0ECF01_1940991260 Label:DOOR_FOR_GLASS SpatiallyLoaded:1 Bounds:IsValid=true, Min=(X=266.416 Y=444.972 Z=-0.000), Max=(X=293.506 Y=595.028 Z=262.597) RuntimeGrid:None EditorOnly:0 RuntimeOnly:0 HLODRelevant:1
 |   |   |- [+] [ 36]
 |   |   |   |- Guid:963F3CC843A3E7B5CD97C5A86F52D240 BaseClass: NativeClass:/Script/Engine.StaticMeshActor Name:StaticMeshActor_UAID_4CCC6A277F8F0DCF01_1731412057 Label:WALL_SMALL_GREEN SpatiallyLoaded:1 Bounds:IsValid=true, Min=(X=1089.946 Y=1030.000 Z=-0.165), Max=(X=1350.054 Y=1050.000 Z=399.835) RuntimeGrid:None EditorOnly:0 RuntimeOnly:0 HLODRelevant:1
 |   |   |- [+] [ 37]
 |   |   |   |- Guid:6FEFB3BD4EB37B849EF0D4AC80F83855 BaseClass: NativeClass:/Script/Engine.WorldDataLayers Name:WorldDataLayers Label:WorldDataLayers SpatiallyLoaded:0 Bounds:IsValid=true, Min=(X=0.000 Y=0.000 Z=0.000), Max=(X=0.000 Y=0.000 Z=0.000) RuntimeGrid:None EditorOnly:0 RuntimeOnly:0 HLODRelevant:0
 |   |   |- [+] [ 38]
 |   |   |   |- Guid:627E72C34C1E9019A963568F2064BDC2 BaseClass: NativeClass:/Script/Engine.StaticMeshActor Name:StaticMeshActor_UAID_4CCC6A277F8F0ECF01_1369971243 Label:ROOF_METAL3 SpatiallyLoaded:1 Bounds:IsValid=true, Min=(X=842.252 Y=1033.349 Z=392.895), Max=(X=1227.969 Y=1419.971 Z=407.105) RuntimeGrid:None EditorOnly:0 RuntimeOnly:0 HLODRelevant:1 FolderPath:Roof FolderGuid:8184154D4D03086C60CD26944F1D6D0E
 |   |   |- [+] [ 39]
 |   |   |   |- Guid:78FB2AFD487A92495D77DE81E1C721E7 BaseClass: NativeClass:/Script/Engine.StaticMeshActor Name:StaticMeshActor_UAID_4CCC6A277F8F0DCF01_1257786049 Label:WALL_GREEN4 SpatiallyLoaded:1 Bounds:IsValid=true, Min=(X=-10.000 Y=1020.000 Z=-0.165), Max=(X=10.000 Y=1420.000 Z=399.835) RuntimeGrid:None EditorOnly:0 RuntimeOnly:0 HLODRelevant:1
 |   |   |- [+] [ 40]
 |   |   |   |- Guid:58CC68A6440DE2F67E16B78BAFC3924B BaseClass: NativeClass:/Script/Engine.StaticMeshActor Name:StaticMeshActor_UAID_4CCC6A277F8F0ECF01_1582179250 Label:Floor_400x400 SpatiallyLoaded:1 Bounds:IsValid=true, Min=(X=550.000 Y=630.000 Z=-20.000), Max=(X=1350.000 Y=1430.000 Z=0.000) RuntimeGrid:None EditorOnly:0 RuntimeOnly:0 HLODRelevant:1
 |   |   |- [+] [ 41]
 |   |   |   |- Guid:BFEABB044592B8AFED6EBBADE849BF08 BaseClass: NativeClass:/Script/Engine.StaticMeshActor Name:StaticMeshActor_UAID_4CCC6A277F8F0DCF01_1270698050 Label:WALL_GREEN5 SpatiallyLoaded:1 Bounds:IsValid=true, Min=(X=1210.000 Y=1420.000 Z=-0.165), Max=(X=1610.000 Y=1440.000 Z=399.835) RuntimeGrid:None EditorOnly:0 RuntimeOnly:0 HLODRelevant:1
 |   |   |- [+] [ 42]
 |   |   |   |- Guid:6A4AE26F4E19611897B365B123A7DE19 BaseClass: NativeClass:/Script/Engine.StaticMeshActor Name:StaticMeshActor_UAID_4CCC6A277F8F0FCF01_1286121442 Label:table3 SpatiallyLoaded:1 Bounds:IsValid=true, Min=(X=1158.145 Y=432.882 Z=-1.808), Max=(X=1284.501 Y=542.128 Z=122.385) RuntimeGrid:None EditorOnly:0 RuntimeOnly:0 HLODRelevant:1
 |   |   |- [+] [ 43]
 |   |   |   |- Guid:A5F324C74B73864660A4B88724DCE553 BaseClass: NativeClass:/Script/Engine.StaticMeshActor Name:StaticMeshActor_UAID_4CCC6A277F8F0ECF01_1372291245 Label:ROOF_METAL5 SpatiallyLoaded:1 Bounds:IsValid=true, Min=(X=462.252 Y=1033.349 Z=392.895), Max=(X=847.969 Y=1419.971 Z=407.105) RuntimeGrid:None EditorOnly:0 RuntimeOnly:0 HLODRelevant:1 FolderPath:Roof FolderGuid:8184154D4D03086C60CD26944F1D6D0E
 |   |   |- [+] [ 44]
 |   |   |   |- Guid:1191066C49170131D0518290F0247BFB BaseClass: NativeClass:/Script/Engine.StaticMeshActor Name:StaticMeshActor_UAID_4CCC6A277F8F0FCF01_1431683451 Label:chair_blue2 SpatiallyLoaded:1 Bounds:IsValid=true, Min=(X=983.194 Y=1053.229 Z=-0.027), Max=(X=1065.054 Y=1140.928 Z=126.728) RuntimeGrid:None EditorOnly:0 RuntimeOnly:0 HLODRelevant:1
 |   |   |- [+] [ 45]
 |   |   |   |- Guid:5B1D9ACA4D75D29D81CB4BB6D33C58DF BaseClass: NativeClass:/Script/Engine.PointLight Name:PointLight_UAID_4CCC6A277F8F40CF01_2136488015 Label:PointLight SpatiallyLoaded:1 Bounds:IsValid=true, Min=(X=-500.000 Y=210.000 Z=-660.000), Max=(X=1500.000 Y=2210.000 Z=1340.000) RuntimeGrid:None EditorOnly:0 RuntimeOnly:0 HLODRelevant:0
 |   |   |- [+] [ 46]
 |   |   |   |- Guid:323D5C3946E3D770BA037698F2120AB2 BaseClass: NativeClass:/Script/Engine.PointLight Name:PointLight_UAID_4CCC6A277F8F40CF01_2145924016 Label:PointLight2 SpatiallyLoaded:1 Bounds:IsValid=true, Min=(X=310.000 Y=210.000 Z=-660.000), Max=(X=2310.000 Y=2210.000 Z=1340.000) RuntimeGrid:None EditorOnly:0 RuntimeOnly:0 HLODRelevant:0
 |   |   |- [+] [ 47]
 |   |   |   |- Guid:37C0010B45F0019733B5C297C0F0D6F0 BaseClass: NativeClass:/Script/Engine.DirectionalLight Name:DirectionalLight_UAID_4CCC6A277F8F41CF01_1125411193 Label:DirectionalLight SpatiallyLoaded:0 Bounds:IsValid=true, Min=(X=-4398046511104.000 Y=-4398046511104.000 Z=-4398046511104.000), Max=(X=4398046511104.000 Y=4398046511104.000 Z=4398046511104.000) RuntimeGrid:None EditorOnly:0 RuntimeOnly:0 HLODRelevant:0 FolderPath:Lighting FolderGuid:0BA5F0A04EADB18E70D5B180D08FA34B
 |   |   |- [+] [ 48]
 |   |   |   |- Guid:381A0F1F407275A61118529C3AA8AB36 BaseClass: NativeClass:/Script/Engine.PointLight Name:PointLight_UAID_4CCC6A277F8F41CF01_1138062194 Label:PointLight3 SpatiallyLoaded:1 Bounds:IsValid=true, Min=(X=500.000 Y=-370.000 Z=-1100.000), Max=(X=2500.000 Y=1630.000 Z=900.000) RuntimeGrid:None EditorOnly:0 RuntimeOnly:0 HLODRelevant:0
 |   |   |- [+] [ 49]
 |   |   |   |- Guid:0C2276F94F0556B940A9779D8C8002CB BaseClass: NativeClass:/Script/Engine.SkyAtmosphere Name:SkyAtmosphere_UAID_4CCC6A277F8F41CF01_1176225195 Label:SkyAtmosphere SpatiallyLoaded:0 Bounds:IsValid=true, Min=(X=1700.000 Y=1320.000 Z=540.000), Max=(X=1700.000 Y=1320.000 Z=540.000) RuntimeGrid:None EditorOnly:0 RuntimeOnly:0 HLODRelevant:0 FolderPath:Lighting FolderGuid:0BA5F0A04EADB18E70D5B180D08FA34B
 |   |   |- [+] [ 50]
 |   |   |   |- Guid:65F343C74424778E9BDF42B05419F024 BaseClass: NativeClass:/Script/Engine.StaticMeshActor Name:StaticMeshActor_UAID_4CCC6A277F8F41CF01_1224604197 Label:chair_blue3 SpatiallyLoaded:1 Bounds:IsValid=true, Min=(X=822.374 Y=1048.946 Z=-0.027), Max=(X=898.912 Y=1131.754 Z=126.728) RuntimeGrid:None EditorOnly:0 RuntimeOnly:0 HLODRelevant:1
 |   |   |- [+] [ 51]
 |   |   |   |- Guid:E717DA0B41F47FFEDE72FB970EF14244 BaseClass: NativeClass:/Script/Engine.StaticMeshActor Name:StaticMeshActor_UAID_4CCC6A277F8F41CF01_1225990198 Label:chair_blue4 SpatiallyLoaded:1 Bounds:IsValid=true, Min=(X=599.184 Y=1060.887 Z=-0.027), Max=(X=675.722 Y=1143.695 Z=126.728) RuntimeGrid:None EditorOnly:0 RuntimeOnly:0 HLODRelevant:1
 |   |   |- [+] [ 52]
 |   |   |   |- Guid:9FCA769245146EB94AF530B47A24BD07 BaseClass: NativeClass:/Script/Engine.StaticMeshActor Name:StaticMeshActor_UAID_4CCC6A277F8F41CF01_1296409199 Label:chair_blue5 SpatiallyLoaded:1 Bounds:IsValid=true, Min=(X=702.936 Y=1153.159 Z=-9.422), Max=(X=795.385 Y=1290.091 Z=74.488) RuntimeGrid:None EditorOnly:0 RuntimeOnly:0 HLODRelevant:1
 |   |   |- [+] [ 53]
 |   |   |   |- Guid:28687EF845C6B70CF53F34891B1086AC BaseClass: NativeClass:/Script/Engine.StaticMeshActor Name:StaticMeshActor_UAID_4CCC6A277F8F41CF01_1353136200 Label:chair_blue6 SpatiallyLoaded:1 Bounds:IsValid=true, Min=(X=527.141 Y=1052.025 Z=-0.027), Max=(X=613.317 Y=1143.649 Z=126.728) RuntimeGrid:None EditorOnly:0 RuntimeOnly:0 HLODRelevant:1
 |   |   |- [+] [ 54]
 |   |   |   |- Guid:5FE26E5C4D28BE975F7FE8A9D7882917 BaseClass: NativeClass:/Script/Engine.StaticMeshActor Name:StaticMeshActor_UAID_4CCC6A277F8F41CF01_1358872201 Label:chair_blue7 SpatiallyLoaded:1 Bounds:IsValid=true, Min=(X=459.868 Y=1054.516 Z=-0.027), Max=(X=540.508 Y=1141.100 Z=126.728) RuntimeGrid:None EditorOnly:0 RuntimeOnly:0 HLODRelevant:1
 |   |   |- [+] [ 55]
 |   |   |   |- Guid:1D97241B4A56FF3431A0DB808B4D0533 BaseClass: NativeClass:/Script/Engine.StaticMeshActor Name:StaticMeshActor_UAID_4CCC6A277F8F41CF01_1361191202 Label:chair_blue8 SpatiallyLoaded:1 Bounds:IsValid=true, Min=(X=396.055 Y=1060.887 Z=-0.027), Max=(X=472.594 Y=1143.695 Z=126.728) RuntimeGrid:None EditorOnly:0 RuntimeOnly:0 HLODRelevant:1
 |   |   |- [+] [ 56]
 |   |   |   |- Guid:BE3F4DD145D6B9F2C044D5A539DE18D1 BaseClass: NativeClass:/Script/Engine.StaticMeshActor Name:StaticMeshActor_UAID_4CCC6A277F8F42CF01_1284268380 Label:WALL_GREEN12 SpatiallyLoaded:1 Bounds:IsValid=true, Min=(X=1330.000 Y=230.000 Z=-0.165), Max=(X=1350.000 Y=630.000 Z=399.835) RuntimeGrid:None EditorOnly:0 RuntimeOnly:0 HLODRelevant:1
 |   |   |- [+] [ 57]
 |   |   |   |- Guid:86EB6B2C4803BD35E13C33BDD6D7A0B7 BaseClass: NativeClass:/Script/Engine.StaticMeshActor Name:StaticMeshActor_UAID_4CCC6A277F8F42CF01_1285815381 Label:WALL_GREEN13 SpatiallyLoaded:1 Bounds:IsValid=true, Min=(X=1330.000 Y=-170.000 Z=-0.165), Max=(X=1350.000 Y=230.000 Z=399.835) RuntimeGrid:None EditorOnly:0 RuntimeOnly:0 HLODRelevant:1
 |   |   |- [+] [ 58]
 |   |   |   |- Guid:91D4CA454E312226DDFCBA9AF418895E BaseClass: NativeClass:/Script/Engine.StaticMeshActor Name:StaticMeshActor_UAID_4CCC6A277F8F42CF01_1471026382 Label:WALL_GREEN14 SpatiallyLoaded:1 Bounds:IsValid=true, Min=(X=130.000 Y=-190.000 Z=-0.165), Max=(X=530.000 Y=-170.000 Z=399.835) RuntimeGrid:None EditorOnly:0 RuntimeOnly:0 HLODRelevant:1
 |   |   |- [+] [ 59]
 |   |   |   |- Guid:2FDBDD3641D2B1C175E58D8047250356 BaseClass: NativeClass:/Script/Engine.StaticMeshActor Name:StaticMeshActor_UAID_4CCC6A277F8F42CF01_1471030383 Label:WALL_GREEN15 SpatiallyLoaded:1 Bounds:IsValid=true, Min=(X=530.000 Y=-190.000 Z=-0.165), Max=(X=930.000 Y=-170.000 Z=399.835) RuntimeGrid:None EditorOnly:0 RuntimeOnly:0 HLODRelevant:1
 |   |   |- [+] [ 60]
 |   |   |   |- Guid:BFDA254D4A55D3B2BAAB58ACA4059740 BaseClass: NativeClass:/Script/Engine.StaticMeshActor Name:StaticMeshActor_UAID_4CCC6A277F8F42CF01_1471031384 Label:WALL_GREEN16 SpatiallyLoaded:1 Bounds:IsValid=true, Min=(X=930.000 Y=-190.000 Z=-0.165), Max=(X=1330.000 Y=-170.000 Z=399.835) RuntimeGrid:None EditorOnly:0 RuntimeOnly:0 HLODRelevant:1
 |   |   |- [+] [ 61]
 |   |   |   |- Guid:956BE2674FA3786711F7F8BBCC9BE12A BaseClass: NativeClass:/Script/Engine.StaticMeshActor Name:StaticMeshActor_UAID_4CCC6A277F8F42CF01_1657047385 Label:WALL_GREEN17 SpatiallyLoaded:1 Bounds:IsValid=true, Min=(X=-10.000 Y=-180.000 Z=-0.165), Max=(X=10.000 Y=220.000 Z=399.835) RuntimeGrid:None EditorOnly:0 RuntimeOnly:0 HLODRelevant:1
 |   |   |- [+] [ 62]
 |   |   |   |- Guid:E202B7844C7F5960F900F4A8C3EB9C59 BaseClass: NativeClass:/Script/Engine.StaticMeshActor Name:StaticMeshActor_UAID_4CCC6A277F8F42CF01_1674224386 Label:WALL_SMALL_GREEN2 SpatiallyLoaded:1 Bounds:IsValid=true, Min=(X=-130.054 Y=-190.000 Z=-0.165), Max=(X=130.054 Y=-170.000 Z=399.835) RuntimeGrid:None EditorOnly:0 RuntimeOnly:0 HLODRelevant:1
 |   |   |- [+] [ 63]
 |   |   |   |- Guid:A40AF3B54F98BB756A04FA981EEBC15D BaseClass: NativeClass:/Script/Engine.StaticMeshActor Name:StaticMeshActor_UAID_4CCC6A277F8F42CF01_1688557387 Label:WALL_SMALL_GREEN3 SpatiallyLoaded:1 Bounds:IsValid=true, Min=(X=270.000 Y=-270.054 Z=-0.165), Max=(X=290.000 Y=-9.946 Z=399.835) RuntimeGrid:None EditorOnly:0 RuntimeOnly:0 HLODRelevant:1
 |   |   |- [+] [ 64]
 |   |   |   |- Guid:A3DD930B43273A1F95BA0EA80AE92502 BaseClass: NativeClass:/Script/Engine.StaticMeshActor Name:StaticMeshActor_UAID_4CCC6A277F8F42CF01_1728408388 Label:Floor_400x406 SpatiallyLoaded:1 Bounds:IsValid=true, Min=(X=1350.000 Y=630.000 Z=-20.000), Max=(X=1750.000 Y=1030.000 Z=0.000) RuntimeGrid:None EditorOnly:0 RuntimeOnly:0 HLODRelevant:1
 |- ContainerInstances:
 |- [+] MainContainer:
 |   |-        ID: 0x0000000000000000
 |   |-    Bounds: IsValid=false, Min=(X=0.000 Y=0.000 Z=0.000), Max=(X=0.000 Y=0.000 Z=0.000)
 |   |- Transform: 0.000000,0.000000,0.000000|0.000000,0.000000,-0.000000|1.000000,1.000000,1.000000
 |   |- Container: /Game/FirstPerson/Maps/FirstPersonMap
----------------------------------------------------------------------------------------------------------------
FirstPersonMap - Persistent Level
----------------------------------------------------------------------------------------------------------------
Always loaded Actor Count: 72 

----------------------------------------------------------------------------------------------------------------
FirstPersonMap - Runtime Spatial Hash - Streaming Grid - MainGrid
----------------------------------------------------------------------------------------------------------------
            Origin: X=0.000 Y=0.000 Z=0.000
         Cell Size: 12800
      World Bounds: IsValid=false, Min=(X=0.000 Y=0.000 Z=0.000), Max=(X=0.000 Y=0.000 Z=0.000)
     Loading Range: 25600.00
Block Slow Loading: No
 ClientOnlyVisible: No

[+] Grid Levels: 1
 |- Level  0: Cell Count    0 | Cell Size   12800 | Actor Count    0 (0.0%)

[+] Content of Grid Level 0

