[+] Containers:
 |- [+] Container: /Game/FirstPerson/Maps/FirstPersonMap
 |   |- [+] ActorDescs:
 |   |   |- Guid:138714C04A43182229B210AC590DD6E8 BaseClass: NativeClass:/Script/Engine.StaticMeshActor Name:StaticMeshActor_UAID_4CCC6A277F8FFCCE01_1805266062 Label:Wall_400x412 SpatiallyLoaded:1 Bounds:IsValid=true, Min=(X=780.000 Y=800.000 Z=1590.000), Max=(X=800.000 Y=1200.000 Z=1990.000) RuntimeGrid:None EditorOnly:0 RuntimeOnly:0 HLODRelevant:1
 |   |   |- Guid:23EC081D4AC29F4FA615E5B1EDFAFBD7 BaseClass: NativeClass:/Script/Engine.StaticMeshActor Name:StaticMeshActor_UAID_4CCC6A277F8FFCCE01_1795602058 Label:Floor_400x411 SpatiallyLoaded:1 Bounds:IsValid=true, Min=(X=-800.000 Y=800.000 Z=1570.000), Max=(X=-400.000 Y=1200.000 Z=1590.000) RuntimeGrid:None EditorOnly:0 RuntimeOnly:0 HLODRelevant:1
 |   |   |- Guid:27794D964411A7ABCEA681858A851734 BaseClass: NativeClass:/Script/Engine.StaticMeshActor Name:StaticMeshActor_UAID_4CCC6A277F8FFCCE01_1844550069 Label:Wall_400x418 SpatiallyLoaded:1 Bounds:IsValid=true, Min=(X=-530.000 Y=800.000 Z=1590.000), Max=(X=-510.000 Y=1200.000 Z=1990.000) RuntimeGrid:None EditorOnly:0 RuntimeOnly:0 HLODRelevant:1
 |   |   |- Guid:2FE09AF1425906E2A25B0D8F66FA73C2 BaseClass: NativeClass:/Script/Engine.StaticMeshActor Name:StaticMeshActor_UAID_4CCC6A277F8FF3CE01_1809340465 Label:Floor_400x401 SpatiallyLoaded:1 Bounds:IsValid=true, Min=(X=400.000 Y=0.000 Z=1570.000), Max=(X=800.000 Y=400.000 Z=1590.000) RuntimeGrid:None EditorOnly:0 RuntimeOnly:0 HLODRelevant:1
 |   |   |- Guid:3BDA070145946A686D0E228CEC2E0043 BaseClass: NativeClass:/Script/Engine.StaticMeshActor Name:StaticMeshActor_UAID_4CCC6A277F8FFCCE01_1800350060 Label:Wall_400x410 SpatiallyLoaded:1 Bounds:IsValid=true, Min=(X=-400.000 Y=1180.000 Z=1590.000), Max=(X=0.000 Y=1200.000 Z=1990.000) RuntimeGrid:None EditorOnly:0 RuntimeOnly:0 HLODRelevant:1
 |   |   |- Guid:4B05D739495D031EB94D4597701D22F1 BaseClass: NativeClass:/Script/Engine.StaticMeshActor Name:StaticMeshActor_UAID_4CCC6A277F8FF8CE01_1586185349 Label:Floor_400x404 SpatiallyLoaded:1 Bounds:IsValid=true, Min=(X=0.000 Y=400.000 Z=1570.000), Max=(X=400.000 Y=800.000 Z=1590.000) RuntimeGrid:None EditorOnly:0 RuntimeOnly:0 HLODRelevant:1
 |   |   |- Guid:50C3185A4D08ECC58BE54F89ACBA8D9D BaseClass: NativeClass:/Script/Engine.StaticMeshActor Name:StaticMeshActor_UAID_4CCC6A277F8FFCCE01_1822376067 Label:Wall_400x417 SpatiallyLoaded:1 Bounds:IsValid=true, Min=(X=400.000 Y=1180.000 Z=1590.000), Max=(X=800.000 Y=1200.000 Z=1990.000) RuntimeGrid:None EditorOnly:0 RuntimeOnly:0 HLODRelevant:1
 |   |   |- Guid:5FE7584649BB6F09265329A6C57CFD0D BaseClass: NativeClass:/Script/Engine.VolumetricCloud Name:VolumetricCloud_0 Label:VolumetricCloud SpatiallyLoaded:0 Bounds:IsValid=true, Min=(X=0.000 Y=0.000 Z=820.000), Max=(X=0.000 Y=0.000 Z=820.000) RuntimeGrid:None EditorOnly:0 RuntimeOnly:0 HLODRelevant:0 FolderPath:Lighting FolderGuid:0BA5F0A04EADB18E70D5B180D08FA34B
 |   |   |- Guid:61391D344900612A77DFC3BA3E354907 BaseClass: NativeClass:/Script/Engine.ExponentialHeightFog Name:ExponentialHeightFog_0 Label:ExponentialHeightFog SpatiallyLoaded:0 Bounds:IsValid=true, Min=(X=-5600.000 Y=-50.000 Z=-6850.000), Max=(X=-5600.000 Y=-50.000 Z=-6850.000) RuntimeGrid:None EditorOnly:0 RuntimeOnly:0 HLODRelevant:0 FolderPath:Lighting FolderGuid:0BA5F0A04EADB18E70D5B180D08FA34B
 |   |   |- Guid:631B704E4EB746CE37ED6FA1B96A80C5 BaseClass: NativeClass:/Script/Engine.StaticMeshActor Name:StaticMeshActor_UAID_4CCC6A277F8FF8CE01_1599459352 Label:Wall_400x402 SpatiallyLoaded:1 Bounds:IsValid=true, Min=(X=-400.000 Y=-10.000 Z=1590.000), Max=(X=0.000 Y=10.000 Z=1990.000) RuntimeGrid:None EditorOnly:0 RuntimeOnly:0 HLODRelevant:1
 |   |   |- Guid:6FEFB3BD4EB37B849EF0D4AC80F83855 BaseClass: NativeClass:/Script/Engine.WorldDataLayers Name:WorldDataLayers Label:WorldDataLayers SpatiallyLoaded:0 Bounds:IsValid=true, Min=(X=0.000 Y=0.000 Z=0.000), Max=(X=0.000 Y=0.000 Z=0.000) RuntimeGrid:None EditorOnly:0 RuntimeOnly:0 HLODRelevant:0
 |   |   |- Guid:70E626AB40BDCFAE7113E0AB12ADC872 BaseClass: NativeClass:/Script/Engine.StaticMeshActor Name:StaticMeshActor_UAID_4CCC6A277F8FF3CE01_1815685467 Label:Floor_400x403 SpatiallyLoaded:1 Bounds:IsValid=true, Min=(X=-800.000 Y=0.000 Z=1570.000), Max=(X=-400.000 Y=400.000 Z=1590.000) RuntimeGrid:None EditorOnly:0 RuntimeOnly:0 HLODRelevant:1
 |   |   |- Guid:7ABAEE0F423E3E65D8672E83D1C9C281 BaseClass: NativeClass:/Script/Engine.StaticMeshActor Name:StaticMeshActor_UAID_4CCC6A277F8FF8CE01_1588633350 Label:Floor_400x405 SpatiallyLoaded:1 Bounds:IsValid=true, Min=(X=400.000 Y=400.000 Z=1570.000), Max=(X=800.000 Y=800.000 Z=1590.000) RuntimeGrid:None EditorOnly:0 RuntimeOnly:0 HLODRelevant:1
 |   |   |- Guid:7DFADD204A4FCC06EB8B38901E640DD2 BaseClass: NativeClass:/Script/Engine.StaticMeshActor Name:StaticMeshActor_UAID_4CCC6A277F8FFCCE01_1819943066 Label:Wall_400x416 SpatiallyLoaded:1 Bounds:IsValid=true, Min=(X=0.000 Y=1180.000 Z=1590.000), Max=(X=400.000 Y=1200.000 Z=1990.000) RuntimeGrid:None EditorOnly:0 RuntimeOnly:0 HLODRelevant:1
 |   |   |- Guid:7EF20CE34A51F79EFD0FDE9E32C914F4 BaseClass: NativeClass:/Script/Engine.StaticMeshActor Name:StaticMeshActor_UAID_4CCC6A277F8FFCCE01_1800351061 Label:Wall_400x411 SpatiallyLoaded:1 Bounds:IsValid=true, Min=(X=-800.000 Y=1180.000 Z=1590.000), Max=(X=-400.000 Y=1200.000 Z=1990.000) RuntimeGrid:None EditorOnly:0 RuntimeOnly:0 HLODRelevant:1
 |   |   |- Guid:874CFEBB4BDCE96362CEB3AB8B95D2F6 BaseClass: NativeClass:/Script/Engine.StaticMeshActor Name:StaticMeshActor_UAID_4CCC6A277F8FFCCE01_1768193053 Label:Wall_400x407 SpatiallyLoaded:1 Bounds:IsValid=true, Min=(X=780.000 Y=-0.000 Z=1590.000), Max=(X=800.000 Y=400.000 Z=1990.000) RuntimeGrid:None EditorOnly:0 RuntimeOnly:0 HLODRelevant:1
 |   |   |- Guid:9BE8AB0547C2A97B82236CBE23944089 BaseClass: NativeClass:/Script/Engine.StaticMeshActor Name:StaticMeshActor_UAID_4CCC6A277F8FFCCE01_1811847064 Label:Wall_400x414 SpatiallyLoaded:1 Bounds:IsValid=true, Min=(X=-800.000 Y=400.000 Z=1590.000), Max=(X=-780.000 Y=800.000 Z=1990.000) RuntimeGrid:None EditorOnly:0 RuntimeOnly:0 HLODRelevant:1
 |   |   |- Guid:A3211F004BF1B6875C7EDE911E63C981 BaseClass: NativeClass:/Script/Engine.StaticMeshActor Name:StaticMeshActor_UAID_4CCC6A277F8FFCCE01_1811848065 Label:Wall_400x415 SpatiallyLoaded:1 Bounds:IsValid=true, Min=(X=-800.000 Y=800.000 Z=1590.000), Max=(X=-780.000 Y=1200.000 Z=1990.000) RuntimeGrid:None EditorOnly:0 RuntimeOnly:0 HLODRelevant:1
 |   |   |- Guid:A354B1B24E617A525DC6B48CCDE2417E BaseClass: NativeClass:/Script/Engine.PlayerStart Name:PlayerStart_0 Label:PlayerStart SpatiallyLoaded:0 Bounds:IsValid=true, Min=(X=-670.000 Y=210.000 Z=1640.013), Max=(X=-590.000 Y=290.000 Z=1824.013) RuntimeGrid:None EditorOnly:0 RuntimeOnly:0 HLODRelevant:0
 |   |   |- Guid:A4C97A604F28557C93EA10A018722807 BaseClass: NativeClass:/Script/Engine.StaticMeshActor Name:StaticMeshActor_UAID_4CCC6A277F8FFCCE01_1768199054 Label:Wall_400x408 SpatiallyLoaded:1 Bounds:IsValid=true, Min=(X=780.000 Y=400.000 Z=1590.000), Max=(X=800.000 Y=800.000 Z=1990.000) RuntimeGrid:None EditorOnly:0 RuntimeOnly:0 HLODRelevant:1
 |   |   |- Guid:AA67DF3C4B50B2FCBE74A599304153C3 BaseClass: NativeClass:/Script/Engine.StaticMeshActor Name:StaticMeshActor_UAID_4CCC6A277F8FFCCE01_1811845063 Label:Wall_400x413 SpatiallyLoaded:1 Bounds:IsValid=true, Min=(X=-800.000 Y=-0.000 Z=1590.000), Max=(X=-780.000 Y=400.000 Z=1990.000) RuntimeGrid:None EditorOnly:0 RuntimeOnly:0 HLODRelevant:1
 |   |   |- Guid:B24FAE174F242C87F78D5D9DEC9B56A9 BaseClass: NativeClass:/Script/Engine.StaticMeshActor Name:StaticMeshActor_UAID_4CCC6A277F8FFCCE01_1732156050 Label:Wall_400x405 SpatiallyLoaded:1 Bounds:IsValid=true, Min=(X=-480.000 Y=470.000 Z=1590.000), Max=(X=-80.000 Y=490.000 Z=1990.000) RuntimeGrid:None EditorOnly:0 RuntimeOnly:0 HLODRelevant:1
 |   |   |- Guid:BE1ADD554F3DE20CE099C39F89722033 BaseClass: NativeClass:/Script/Engine.StaticMeshActor Name:StaticMeshActor_UAID_4CCC6A277F8FF3CE01_1811764466 Label:Floor_400x402 SpatiallyLoaded:1 Bounds:IsValid=true, Min=(X=-400.000 Y=0.000 Z=1570.000), Max=(X=0.000 Y=400.000 Z=1590.000) RuntimeGrid:None EditorOnly:0 RuntimeOnly:0 HLODRelevant:1
 |   |   |- Guid:C22CE07C4B87D685137FDBBC10FC92C6 BaseClass: NativeClass:/Script/Engine.SkyAtmosphere Name:SkyAtmosphere_0 Label:SkyAtmosphere SpatiallyLoaded:0 Bounds:IsValid=true, Min=(X=0.000 Y=0.000 Z=1020.000), Max=(X=0.000 Y=0.000 Z=1020.000) RuntimeGrid:None EditorOnly:0 RuntimeOnly:0 HLODRelevant:0 FolderPath:Lighting FolderGuid:0BA5F0A04EADB18E70D5B180D08FA34B
 |   |   |- Guid:C36A32D74935A674D5F2FCB52A90C315 BaseClass: NativeClass:/Script/Engine.StaticMeshActor Name:StaticMeshActor_UAID_4CCC6A277F8FF3CE01_1826589468 Label:Wall_400x400 SpatiallyLoaded:1 Bounds:IsValid=true, Min=(X=0.000 Y=-10.000 Z=1590.000), Max=(X=400.000 Y=10.000 Z=1990.000) RuntimeGrid:None EditorOnly:0 RuntimeOnly:0 HLODRelevant:1
 |   |   |- Guid:C70775204B1B00F4A86DA8A13FA34EEF BaseClass: NativeClass:/Script/Engine.StaticMeshActor Name:StaticMeshActor_UAID_4CCC6A277F8FFCCE01_1977559072 Label:Pillar_50x500 SpatiallyLoaded:1 Bounds:IsValid=true, Min=(X=-195.000 Y=15.000 Z=1590.000), Max=(X=-145.000 Y=65.000 Z=2090.000) RuntimeGrid:None EditorOnly:0 RuntimeOnly:0 HLODRelevant:1
 |   |   |- Guid:C73A39C4498062A30F848584587035AC BaseClass: NativeClass:/Script/Engine.StaticMeshActor Name:StaticMeshActor_UAID_4CCC6A277F8FFCCE01_1795599056 Label:Floor_400x409 SpatiallyLoaded:1 Bounds:IsValid=true, Min=(X=400.000 Y=800.000 Z=1570.000), Max=(X=800.000 Y=1200.000 Z=1590.000) RuntimeGrid:None EditorOnly:0 RuntimeOnly:0 HLODRelevant:1
 |   |   |- Guid:CA0D706346FD7F7CBEF3D08D289A414C BaseClass: NativeClass:/Script/Engine.StaticMeshActor Name:StaticMeshActor_UAID_4CCC6A277F8FFCCE01_1795601057 Label:Floor_400x410 SpatiallyLoaded:1 Bounds:IsValid=true, Min=(X=-400.000 Y=800.000 Z=1570.000), Max=(X=0.000 Y=1200.000 Z=1590.000) RuntimeGrid:None EditorOnly:0 RuntimeOnly:0 HLODRelevant:1
 |   |   |- Guid:CE8D82634660FCDB3120E2B8D547C533 BaseClass: NativeClass:/Script/Engine.PostProcessVolume Name:PostProcessVolume_0 Label:PostProcessVolume SpatiallyLoaded:0 Bounds:IsValid=true, Min=(X=0.000 Y=0.000 Z=400.000), Max=(X=200.000 Y=200.000 Z=600.000) RuntimeGrid:None EditorOnly:0 RuntimeOnly:0 HLODRelevant:0 FolderPath:Lighting FolderGuid:0BA5F0A04EADB18E70D5B180D08FA34B
 |   |   |- Guid:D3EEC8A140DA0ABB1573B49DD4B7E2A6 BaseClass: NativeClass:/Script/Engine.StaticMeshActor Name:StaticMeshActor_UAID_4CCC6A277F8FF8CE01_1603392353 Label:Wall_400x403 SpatiallyLoaded:1 Bounds:IsValid=true, Min=(X=-800.000 Y=-10.000 Z=1590.000), Max=(X=-400.000 Y=10.000 Z=1990.000) RuntimeGrid:None EditorOnly:0 RuntimeOnly:0 HLODRelevant:1
 |   |   |- Guid:D7405AF7438B2282500087B36C27EE1D BaseClass: NativeClass:/Script/Engine.StaticMeshActor Name:StaticMeshActor_UAID_4CCC6A277F8FFCCE01_1694071048 Label:Floor_400x407 SpatiallyLoaded:1 Bounds:IsValid=true, Min=(X=-800.000 Y=400.000 Z=1570.000), Max=(X=-400.000 Y=800.000 Z=1590.000) RuntimeGrid:None EditorOnly:0 RuntimeOnly:0 HLODRelevant:1
 |   |   |- Guid:D79D8DA64FE4759D79376D987A5E8386 BaseClass: NativeClass:/Script/Engine.StaticMeshActor Name:StaticMeshActor_UAID_4CCC6A277F8FFCCE01_1795597055 Label:Floor_400x408 SpatiallyLoaded:1 Bounds:IsValid=true, Min=(X=0.000 Y=800.000 Z=1570.000), Max=(X=400.000 Y=1200.000 Z=1590.000) RuntimeGrid:None EditorOnly:0 RuntimeOnly:0 HLODRelevant:1
 |   |   |- Guid:E5320C1B4FD9764CE7B54D8487AEC613 BaseClass: NativeClass:/Script/Engine.SkyLight Name:SkyLight_0 Label:SkyLight SpatiallyLoaded:0 Bounds:IsValid=true, Min=(X=0.000 Y=0.000 Z=690.000), Max=(X=0.000 Y=0.000 Z=690.000) RuntimeGrid:None EditorOnly:0 RuntimeOnly:0 HLODRelevant:0 FolderPath:Lighting FolderGuid:0BA5F0A04EADB18E70D5B180D08FA34B
 |   |   |- Guid:EE66F4454A4A9F99393F559AB739C05E BaseClass:/Game/FirstPerson/Blueprints/BP_Pickup_Rifle.BP_Pickup_Rifle_C NativeClass:/Script/Engine.Actor Name:BP_Rifle_C_1 Label:BP_Pickup_Rifle SpatiallyLoaded:1 Bounds:IsValid=true, Min=(X=1378.000 Y=818.000 Z=64.000), Max=(X=1442.000 Y=907.440 Z=128.000) RuntimeGrid:None EditorOnly:0 RuntimeOnly:0 HLODRelevant:0
 |   |   |- Guid:F3DB9D7A435E1F321458258C19AA863B BaseClass: NativeClass:/Script/Engine.StaticMeshActor Name:StaticMeshActor_UAID_4CCC6A277F8FFCCE01_1691975047 Label:Floor_400x406 SpatiallyLoaded:1 Bounds:IsValid=true, Min=(X=-400.000 Y=400.000 Z=1570.000), Max=(X=0.000 Y=800.000 Z=1590.000) RuntimeGrid:None EditorOnly:0 RuntimeOnly:0 HLODRelevant:1
 |   |   |- Guid:F4203B804E669752B88BEE8B2C7E9A56 BaseClass: NativeClass:/Script/Engine.StaticMeshActor Name:StaticMeshActor_UAID_4CCC6A277F8FF3CE01_1795593463 Label:Floor_400x400 SpatiallyLoaded:1 Bounds:IsValid=true, Min=(X=0.000 Y=0.000 Z=1570.000), Max=(X=400.000 Y=400.000 Z=1590.000) RuntimeGrid:None EditorOnly:0 RuntimeOnly:0 HLODRelevant:1
 |   |   |- Guid:F799D23E45A44FF5BACB37A6285EDCCE BaseClass: NativeClass:/Script/Engine.StaticMeshActor Name:StaticMeshActor_UAID_4CCC6A277F8FFCCE01_1910850071 Label:Wall_Door_400x400 SpatiallyLoaded:1 Bounds:IsValid=true, Min=(X=-880.000 Y=470.000 Z=1590.000), Max=(X=-480.000 Y=490.000 Z=1990.000) RuntimeGrid:None EditorOnly:0 RuntimeOnly:0 HLODRelevant:1
 |   |   |- Guid:F80621C9446867154938FE81375207DA BaseClass: NativeClass:/Script/Engine.DirectionalLight Name:DirectionalLight_1 Label:DirectionalLight SpatiallyLoaded:0 Bounds:IsValid=true, Min=(X=-1048576.000 Y=-1048576.000 Z=-1048576.000), Max=(X=1048576.000 Y=1048576.000 Z=1048576.000) RuntimeGrid:None EditorOnly:0 RuntimeOnly:0 HLODRelevant:0 FolderPath:Lighting FolderGuid:0BA5F0A04EADB18E70D5B180D08FA34B
 |   |   |- Guid:FC0A6CBA423D9A4068F0FFBCA9066663 BaseClass: NativeClass:/Script/Engine.StaticMeshActor Name:StaticMeshActor_UAID_4CCC6A277F8FFCCE01_1732153049 Label:Wall_400x404 SpatiallyLoaded:1 Bounds:IsValid=true, Min=(X=-80.000 Y=470.000 Z=1590.000), Max=(X=320.000 Y=490.000 Z=1990.000) RuntimeGrid:None EditorOnly:0 RuntimeOnly:0 HLODRelevant:1
 |   |   |- Guid:FD0F61054331C008064353A93C13ECD8 BaseClass: NativeClass:/Script/Engine.StaticMeshActor Name:StaticMeshActor_UAID_4CCC6A277F8FF8CE01_1596229351 Label:Wall_400x401 SpatiallyLoaded:1 Bounds:IsValid=true, Min=(X=400.000 Y=-10.000 Z=1590.000), Max=(X=800.000 Y=10.000 Z=1990.000) RuntimeGrid:None EditorOnly:0 RuntimeOnly:0 HLODRelevant:1
 |   |   |- Guid:FF1F86FC439A67D3F93BBCB277D6B283 BaseClass: NativeClass:/Script/Engine.StaticMeshActor Name:StaticMeshActor_UAID_4CCC6A277F8FFCCE01_1844548068 Label:Wall_400x409 SpatiallyLoaded:1 Bounds:IsValid=true, Min=(X=-530.000 Y=470.000 Z=1590.000), Max=(X=-510.000 Y=870.000 Z=1990.000) RuntimeGrid:None EditorOnly:0 RuntimeOnly:0 HLODRelevant:1
 |   |- [+] Clusters:
 |   |   |- [+] [  0]
 |   |   |   |- Guid:2FE09AF1425906E2A25B0D8F66FA73C2 BaseClass: NativeClass:/Script/Engine.StaticMeshActor Name:StaticMeshActor_UAID_4CCC6A277F8FF3CE01_1809340465 Label:Floor_400x401 SpatiallyLoaded:1 Bounds:IsValid=true, Min=(X=400.000 Y=0.000 Z=1570.000), Max=(X=800.000 Y=400.000 Z=1590.000) RuntimeGrid:None EditorOnly:0 RuntimeOnly:0 HLODRelevant:1
 |   |   |- [+] [  1]
 |   |   |   |- Guid:61391D344900612A77DFC3BA3E354907 BaseClass: NativeClass:/Script/Engine.ExponentialHeightFog Name:ExponentialHeightFog_0 Label:ExponentialHeightFog SpatiallyLoaded:0 Bounds:IsValid=true, Min=(X=-5600.000 Y=-50.000 Z=-6850.000), Max=(X=-5600.000 Y=-50.000 Z=-6850.000) RuntimeGrid:None EditorOnly:0 RuntimeOnly:0 HLODRelevant:0 FolderPath:Lighting FolderGuid:0BA5F0A04EADB18E70D5B180D08FA34B
 |   |   |- [+] [  2]
 |   |   |   |- Guid:5FE7584649BB6F09265329A6C57CFD0D BaseClass: NativeClass:/Script/Engine.VolumetricCloud Name:VolumetricCloud_0 Label:VolumetricCloud SpatiallyLoaded:0 Bounds:IsValid=true, Min=(X=0.000 Y=0.000 Z=820.000), Max=(X=0.000 Y=0.000 Z=820.000) RuntimeGrid:None EditorOnly:0 RuntimeOnly:0 HLODRelevant:0 FolderPath:Lighting FolderGuid:0BA5F0A04EADB18E70D5B180D08FA34B
 |   |   |- [+] [  3]
 |   |   |   |- Guid:F80621C9446867154938FE81375207DA BaseClass: NativeClass:/Script/Engine.DirectionalLight Name:DirectionalLight_1 Label:DirectionalLight SpatiallyLoaded:0 Bounds:IsValid=true, Min=(X=-1048576.000 Y=-1048576.000 Z=-1048576.000), Max=(X=1048576.000 Y=1048576.000 Z=1048576.000) RuntimeGrid:None EditorOnly:0 RuntimeOnly:0 HLODRelevant:0 FolderPath:Lighting FolderGuid:0BA5F0A04EADB18E70D5B180D08FA34B
 |   |   |- [+] [  4]
 |   |   |   |- Guid:F4203B804E669752B88BEE8B2C7E9A56 BaseClass: NativeClass:/Script/Engine.StaticMeshActor Name:StaticMeshActor_UAID_4CCC6A277F8FF3CE01_1795593463 Label:Floor_400x400 SpatiallyLoaded:1 Bounds:IsValid=true, Min=(X=0.000 Y=0.000 Z=1570.000), Max=(X=400.000 Y=400.000 Z=1590.000) RuntimeGrid:None EditorOnly:0 RuntimeOnly:0 HLODRelevant:1
 |   |   |- [+] [  5]
 |   |   |   |- Guid:C36A32D74935A674D5F2FCB52A90C315 BaseClass: NativeClass:/Script/Engine.StaticMeshActor Name:StaticMeshActor_UAID_4CCC6A277F8FF3CE01_1826589468 Label:Wall_400x400 SpatiallyLoaded:1 Bounds:IsValid=true, Min=(X=0.000 Y=-10.000 Z=1590.000), Max=(X=400.000 Y=10.000 Z=1990.000) RuntimeGrid:None EditorOnly:0 RuntimeOnly:0 HLODRelevant:1
 |   |   |- [+] [  6]
 |   |   |   |- Guid:631B704E4EB746CE37ED6FA1B96A80C5 BaseClass: NativeClass:/Script/Engine.StaticMeshActor Name:StaticMeshActor_UAID_4CCC6A277F8FF8CE01_1599459352 Label:Wall_400x402 SpatiallyLoaded:1 Bounds:IsValid=true, Min=(X=-400.000 Y=-10.000 Z=1590.000), Max=(X=0.000 Y=10.000 Z=1990.000) RuntimeGrid:None EditorOnly:0 RuntimeOnly:0 HLODRelevant:1
 |   |   |- [+] [  7]
 |   |   |   |- Guid:4B05D739495D031EB94D4597701D22F1 BaseClass: NativeClass:/Script/Engine.StaticMeshActor Name:StaticMeshActor_UAID_4CCC6A277F8FF8CE01_1586185349 Label:Floor_400x404 SpatiallyLoaded:1 Bounds:IsValid=true, Min=(X=0.000 Y=400.000 Z=1570.000), Max=(X=400.000 Y=800.000 Z=1590.000) RuntimeGrid:None EditorOnly:0 RuntimeOnly:0 HLODRelevant:1
 |   |   |- [+] [  8]
 |   |   |   |- Guid:EE66F4454A4A9F99393F559AB739C05E BaseClass:/Game/FirstPerson/Blueprints/BP_Pickup_Rifle.BP_Pickup_Rifle_C NativeClass:/Script/Engine.Actor Name:BP_Rifle_C_1 Label:BP_Pickup_Rifle SpatiallyLoaded:1 Bounds:IsValid=true, Min=(X=1378.000 Y=818.000 Z=64.000), Max=(X=1442.000 Y=907.440 Z=128.000) RuntimeGrid:None EditorOnly:0 RuntimeOnly:0 HLODRelevant:0
 |   |   |- [+] [  9]
 |   |   |   |- Guid:7ABAEE0F423E3E65D8672E83D1C9C281 BaseClass: NativeClass:/Script/Engine.StaticMeshActor Name:StaticMeshActor_UAID_4CCC6A277F8FF8CE01_1588633350 Label:Floor_400x405 SpatiallyLoaded:1 Bounds:IsValid=true, Min=(X=400.000 Y=400.000 Z=1570.000), Max=(X=800.000 Y=800.000 Z=1590.000) RuntimeGrid:None EditorOnly:0 RuntimeOnly:0 HLODRelevant:1
 |   |   |- [+] [ 10]
 |   |   |   |- Guid:E5320C1B4FD9764CE7B54D8487AEC613 BaseClass: NativeClass:/Script/Engine.SkyLight Name:SkyLight_0 Label:SkyLight SpatiallyLoaded:0 Bounds:IsValid=true, Min=(X=0.000 Y=0.000 Z=690.000), Max=(X=0.000 Y=0.000 Z=690.000) RuntimeGrid:None EditorOnly:0 RuntimeOnly:0 HLODRelevant:0 FolderPath:Lighting FolderGuid:0BA5F0A04EADB18E70D5B180D08FA34B
 |   |   |- [+] [ 11]
 |   |   |   |- Guid:70E626AB40BDCFAE7113E0AB12ADC872 BaseClass: NativeClass:/Script/Engine.StaticMeshActor Name:StaticMeshActor_UAID_4CCC6A277F8FF3CE01_1815685467 Label:Floor_400x403 SpatiallyLoaded:1 Bounds:IsValid=true, Min=(X=-800.000 Y=0.000 Z=1570.000), Max=(X=-400.000 Y=400.000 Z=1590.000) RuntimeGrid:None EditorOnly:0 RuntimeOnly:0 HLODRelevant:1
 |   |   |- [+] [ 12]
 |   |   |   |- Guid:A354B1B24E617A525DC6B48CCDE2417E BaseClass: NativeClass:/Script/Engine.PlayerStart Name:PlayerStart_0 Label:PlayerStart SpatiallyLoaded:0 Bounds:IsValid=true, Min=(X=-670.000 Y=210.000 Z=1640.013), Max=(X=-590.000 Y=290.000 Z=1824.013) RuntimeGrid:None EditorOnly:0 RuntimeOnly:0 HLODRelevant:0
 |   |   |- [+] [ 13]
 |   |   |   |- Guid:BE1ADD554F3DE20CE099C39F89722033 BaseClass: NativeClass:/Script/Engine.StaticMeshActor Name:StaticMeshActor_UAID_4CCC6A277F8FF3CE01_1811764466 Label:Floor_400x402 SpatiallyLoaded:1 Bounds:IsValid=true, Min=(X=-400.000 Y=0.000 Z=1570.000), Max=(X=0.000 Y=400.000 Z=1590.000) RuntimeGrid:None EditorOnly:0 RuntimeOnly:0 HLODRelevant:1
 |   |   |- [+] [ 14]
 |   |   |   |- Guid:C22CE07C4B87D685137FDBBC10FC92C6 BaseClass: NativeClass:/Script/Engine.SkyAtmosphere Name:SkyAtmosphere_0 Label:SkyAtmosphere SpatiallyLoaded:0 Bounds:IsValid=true, Min=(X=0.000 Y=0.000 Z=1020.000), Max=(X=0.000 Y=0.000 Z=1020.000) RuntimeGrid:None EditorOnly:0 RuntimeOnly:0 HLODRelevant:0 FolderPath:Lighting FolderGuid:0BA5F0A04EADB18E70D5B180D08FA34B
 |   |   |- [+] [ 15]
 |   |   |   |- Guid:6FEFB3BD4EB37B849EF0D4AC80F83855 BaseClass: NativeClass:/Script/Engine.WorldDataLayers Name:WorldDataLayers Label:WorldDataLayers SpatiallyLoaded:0 Bounds:IsValid=true, Min=(X=0.000 Y=0.000 Z=0.000), Max=(X=0.000 Y=0.000 Z=0.000) RuntimeGrid:None EditorOnly:0 RuntimeOnly:0 HLODRelevant:0
 |   |   |- [+] [ 16]
 |   |   |   |- Guid:D3EEC8A140DA0ABB1573B49DD4B7E2A6 BaseClass: NativeClass:/Script/Engine.StaticMeshActor Name:StaticMeshActor_UAID_4CCC6A277F8FF8CE01_1603392353 Label:Wall_400x403 SpatiallyLoaded:1 Bounds:IsValid=true, Min=(X=-800.000 Y=-10.000 Z=1590.000), Max=(X=-400.000 Y=10.000 Z=1990.000) RuntimeGrid:None EditorOnly:0 RuntimeOnly:0 HLODRelevant:1
 |   |   |- [+] [ 17]
 |   |   |   |- Guid:CE8D82634660FCDB3120E2B8D547C533 BaseClass: NativeClass:/Script/Engine.PostProcessVolume Name:PostProcessVolume_0 Label:PostProcessVolume SpatiallyLoaded:0 Bounds:IsValid=true, Min=(X=0.000 Y=0.000 Z=400.000), Max=(X=200.000 Y=200.000 Z=600.000) RuntimeGrid:None EditorOnly:0 RuntimeOnly:0 HLODRelevant:0 FolderPath:Lighting FolderGuid:0BA5F0A04EADB18E70D5B180D08FA34B
 |   |   |- [+] [ 18]
 |   |   |   |- Guid:FD0F61054331C008064353A93C13ECD8 BaseClass: NativeClass:/Script/Engine.StaticMeshActor Name:StaticMeshActor_UAID_4CCC6A277F8FF8CE01_1596229351 Label:Wall_400x401 SpatiallyLoaded:1 Bounds:IsValid=true, Min=(X=400.000 Y=-10.000 Z=1590.000), Max=(X=800.000 Y=10.000 Z=1990.000) RuntimeGrid:None EditorOnly:0 RuntimeOnly:0 HLODRelevant:1
 |   |   |- [+] [ 19]
 |   |   |   |- Guid:F3DB9D7A435E1F321458258C19AA863B BaseClass: NativeClass:/Script/Engine.StaticMeshActor Name:StaticMeshActor_UAID_4CCC6A277F8FFCCE01_1691975047 Label:Floor_400x406 SpatiallyLoaded:1 Bounds:IsValid=true, Min=(X=-400.000 Y=400.000 Z=1570.000), Max=(X=0.000 Y=800.000 Z=1590.000) RuntimeGrid:None EditorOnly:0 RuntimeOnly:0 HLODRelevant:1
 |   |   |- [+] [ 20]
 |   |   |   |- Guid:D7405AF7438B2282500087B36C27EE1D BaseClass: NativeClass:/Script/Engine.StaticMeshActor Name:StaticMeshActor_UAID_4CCC6A277F8FFCCE01_1694071048 Label:Floor_400x407 SpatiallyLoaded:1 Bounds:IsValid=true, Min=(X=-800.000 Y=400.000 Z=1570.000), Max=(X=-400.000 Y=800.000 Z=1590.000) RuntimeGrid:None EditorOnly:0 RuntimeOnly:0 HLODRelevant:1
 |   |   |- [+] [ 21]
 |   |   |   |- Guid:FC0A6CBA423D9A4068F0FFBCA9066663 BaseClass: NativeClass:/Script/Engine.StaticMeshActor Name:StaticMeshActor_UAID_4CCC6A277F8FFCCE01_1732153049 Label:Wall_400x404 SpatiallyLoaded:1 Bounds:IsValid=true, Min=(X=-80.000 Y=470.000 Z=1590.000), Max=(X=320.000 Y=490.000 Z=1990.000) RuntimeGrid:None EditorOnly:0 RuntimeOnly:0 HLODRelevant:1
 |   |   |- [+] [ 22]
 |   |   |   |- Guid:B24FAE174F242C87F78D5D9DEC9B56A9 BaseClass: NativeClass:/Script/Engine.StaticMeshActor Name:StaticMeshActor_UAID_4CCC6A277F8FFCCE01_1732156050 Label:Wall_400x405 SpatiallyLoaded:1 Bounds:IsValid=true, Min=(X=-480.000 Y=470.000 Z=1590.000), Max=(X=-80.000 Y=490.000 Z=1990.000) RuntimeGrid:None EditorOnly:0 RuntimeOnly:0 HLODRelevant:1
 |   |   |- [+] [ 23]
 |   |   |   |- Guid:874CFEBB4BDCE96362CEB3AB8B95D2F6 BaseClass: NativeClass:/Script/Engine.StaticMeshActor Name:StaticMeshActor_UAID_4CCC6A277F8FFCCE01_1768193053 Label:Wall_400x407 SpatiallyLoaded:1 Bounds:IsValid=true, Min=(X=780.000 Y=-0.000 Z=1590.000), Max=(X=800.000 Y=400.000 Z=1990.000) RuntimeGrid:None EditorOnly:0 RuntimeOnly:0 HLODRelevant:1
 |   |   |- [+] [ 24]
 |   |   |   |- Guid:A4C97A604F28557C93EA10A018722807 BaseClass: NativeClass:/Script/Engine.StaticMeshActor Name:StaticMeshActor_UAID_4CCC6A277F8FFCCE01_1768199054 Label:Wall_400x408 SpatiallyLoaded:1 Bounds:IsValid=true, Min=(X=780.000 Y=400.000 Z=1590.000), Max=(X=800.000 Y=800.000 Z=1990.000) RuntimeGrid:None EditorOnly:0 RuntimeOnly:0 HLODRelevant:1
 |   |   |- [+] [ 25]
 |   |   |   |- Guid:D79D8DA64FE4759D79376D987A5E8386 BaseClass: NativeClass:/Script/Engine.StaticMeshActor Name:StaticMeshActor_UAID_4CCC6A277F8FFCCE01_1795597055 Label:Floor_400x408 SpatiallyLoaded:1 Bounds:IsValid=true, Min=(X=0.000 Y=800.000 Z=1570.000), Max=(X=400.000 Y=1200.000 Z=1590.000) RuntimeGrid:None EditorOnly:0 RuntimeOnly:0 HLODRelevant:1
 |   |   |- [+] [ 26]
 |   |   |   |- Guid:C73A39C4498062A30F848584587035AC BaseClass: NativeClass:/Script/Engine.StaticMeshActor Name:StaticMeshActor_UAID_4CCC6A277F8FFCCE01_1795599056 Label:Floor_400x409 SpatiallyLoaded:1 Bounds:IsValid=true, Min=(X=400.000 Y=800.000 Z=1570.000), Max=(X=800.000 Y=1200.000 Z=1590.000) RuntimeGrid:None EditorOnly:0 RuntimeOnly:0 HLODRelevant:1
 |   |   |- [+] [ 27]
 |   |   |   |- Guid:CA0D706346FD7F7CBEF3D08D289A414C BaseClass: NativeClass:/Script/Engine.StaticMeshActor Name:StaticMeshActor_UAID_4CCC6A277F8FFCCE01_1795601057 Label:Floor_400x410 SpatiallyLoaded:1 Bounds:IsValid=true, Min=(X=-400.000 Y=800.000 Z=1570.000), Max=(X=0.000 Y=1200.000 Z=1590.000) RuntimeGrid:None EditorOnly:0 RuntimeOnly:0 HLODRelevant:1
 |   |   |- [+] [ 28]
 |   |   |   |- Guid:23EC081D4AC29F4FA615E5B1EDFAFBD7 BaseClass: NativeClass:/Script/Engine.StaticMeshActor Name:StaticMeshActor_UAID_4CCC6A277F8FFCCE01_1795602058 Label:Floor_400x411 SpatiallyLoaded:1 Bounds:IsValid=true, Min=(X=-800.000 Y=800.000 Z=1570.000), Max=(X=-400.000 Y=1200.000 Z=1590.000) RuntimeGrid:None EditorOnly:0 RuntimeOnly:0 HLODRelevant:1
 |   |   |- [+] [ 29]
 |   |   |   |- Guid:3BDA070145946A686D0E228CEC2E0043 BaseClass: NativeClass:/Script/Engine.StaticMeshActor Name:StaticMeshActor_UAID_4CCC6A277F8FFCCE01_1800350060 Label:Wall_400x410 SpatiallyLoaded:1 Bounds:IsValid=true, Min=(X=-400.000 Y=1180.000 Z=1590.000), Max=(X=0.000 Y=1200.000 Z=1990.000) RuntimeGrid:None EditorOnly:0 RuntimeOnly:0 HLODRelevant:1
 |   |   |- [+] [ 30]
 |   |   |   |- Guid:7EF20CE34A51F79EFD0FDE9E32C914F4 BaseClass: NativeClass:/Script/Engine.StaticMeshActor Name:StaticMeshActor_UAID_4CCC6A277F8FFCCE01_1800351061 Label:Wall_400x411 SpatiallyLoaded:1 Bounds:IsValid=true, Min=(X=-800.000 Y=1180.000 Z=1590.000), Max=(X=-400.000 Y=1200.000 Z=1990.000) RuntimeGrid:None EditorOnly:0 RuntimeOnly:0 HLODRelevant:1
 |   |   |- [+] [ 31]
 |   |   |   |- Guid:138714C04A43182229B210AC590DD6E8 BaseClass: NativeClass:/Script/Engine.StaticMeshActor Name:StaticMeshActor_UAID_4CCC6A277F8FFCCE01_1805266062 Label:Wall_400x412 SpatiallyLoaded:1 Bounds:IsValid=true, Min=(X=780.000 Y=800.000 Z=1590.000), Max=(X=800.000 Y=1200.000 Z=1990.000) RuntimeGrid:None EditorOnly:0 RuntimeOnly:0 HLODRelevant:1
 |   |   |- [+] [ 32]
 |   |   |   |- Guid:AA67DF3C4B50B2FCBE74A599304153C3 BaseClass: NativeClass:/Script/Engine.StaticMeshActor Name:StaticMeshActor_UAID_4CCC6A277F8FFCCE01_1811845063 Label:Wall_400x413 SpatiallyLoaded:1 Bounds:IsValid=true, Min=(X=-800.000 Y=-0.000 Z=1590.000), Max=(X=-780.000 Y=400.000 Z=1990.000) RuntimeGrid:None EditorOnly:0 RuntimeOnly:0 HLODRelevant:1
 |   |   |- [+] [ 33]
 |   |   |   |- Guid:9BE8AB0547C2A97B82236CBE23944089 BaseClass: NativeClass:/Script/Engine.StaticMeshActor Name:StaticMeshActor_UAID_4CCC6A277F8FFCCE01_1811847064 Label:Wall_400x414 SpatiallyLoaded:1 Bounds:IsValid=true, Min=(X=-800.000 Y=400.000 Z=1590.000), Max=(X=-780.000 Y=800.000 Z=1990.000) RuntimeGrid:None EditorOnly:0 RuntimeOnly:0 HLODRelevant:1
 |   |   |- [+] [ 34]
 |   |   |   |- Guid:A3211F004BF1B6875C7EDE911E63C981 BaseClass: NativeClass:/Script/Engine.StaticMeshActor Name:StaticMeshActor_UAID_4CCC6A277F8FFCCE01_1811848065 Label:Wall_400x415 SpatiallyLoaded:1 Bounds:IsValid=true, Min=(X=-800.000 Y=800.000 Z=1590.000), Max=(X=-780.000 Y=1200.000 Z=1990.000) RuntimeGrid:None EditorOnly:0 RuntimeOnly:0 HLODRelevant:1
 |   |   |- [+] [ 35]
 |   |   |   |- Guid:7DFADD204A4FCC06EB8B38901E640DD2 BaseClass: NativeClass:/Script/Engine.StaticMeshActor Name:StaticMeshActor_UAID_4CCC6A277F8FFCCE01_1819943066 Label:Wall_400x416 SpatiallyLoaded:1 Bounds:IsValid=true, Min=(X=0.000 Y=1180.000 Z=1590.000), Max=(X=400.000 Y=1200.000 Z=1990.000) RuntimeGrid:None EditorOnly:0 RuntimeOnly:0 HLODRelevant:1
 |   |   |- [+] [ 36]
 |   |   |   |- Guid:50C3185A4D08ECC58BE54F89ACBA8D9D BaseClass: NativeClass:/Script/Engine.StaticMeshActor Name:StaticMeshActor_UAID_4CCC6A277F8FFCCE01_1822376067 Label:Wall_400x417 SpatiallyLoaded:1 Bounds:IsValid=true, Min=(X=400.000 Y=1180.000 Z=1590.000), Max=(X=800.000 Y=1200.000 Z=1990.000) RuntimeGrid:None EditorOnly:0 RuntimeOnly:0 HLODRelevant:1
 |   |   |- [+] [ 37]
 |   |   |   |- Guid:FF1F86FC439A67D3F93BBCB277D6B283 BaseClass: NativeClass:/Script/Engine.StaticMeshActor Name:StaticMeshActor_UAID_4CCC6A277F8FFCCE01_1844548068 Label:Wall_400x409 SpatiallyLoaded:1 Bounds:IsValid=true, Min=(X=-530.000 Y=470.000 Z=1590.000), Max=(X=-510.000 Y=870.000 Z=1990.000) RuntimeGrid:None EditorOnly:0 RuntimeOnly:0 HLODRelevant:1
 |   |   |- [+] [ 38]
 |   |   |   |- Guid:27794D964411A7ABCEA681858A851734 BaseClass: NativeClass:/Script/Engine.StaticMeshActor Name:StaticMeshActor_UAID_4CCC6A277F8FFCCE01_1844550069 Label:Wall_400x418 SpatiallyLoaded:1 Bounds:IsValid=true, Min=(X=-530.000 Y=800.000 Z=1590.000), Max=(X=-510.000 Y=1200.000 Z=1990.000) RuntimeGrid:None EditorOnly:0 RuntimeOnly:0 HLODRelevant:1
 |   |   |- [+] [ 39]
 |   |   |   |- Guid:F799D23E45A44FF5BACB37A6285EDCCE BaseClass: NativeClass:/Script/Engine.StaticMeshActor Name:StaticMeshActor_UAID_4CCC6A277F8FFCCE01_1910850071 Label:Wall_Door_400x400 SpatiallyLoaded:1 Bounds:IsValid=true, Min=(X=-880.000 Y=470.000 Z=1590.000), Max=(X=-480.000 Y=490.000 Z=1990.000) RuntimeGrid:None EditorOnly:0 RuntimeOnly:0 HLODRelevant:1
 |   |   |- [+] [ 40]
 |   |   |   |- Guid:C70775204B1B00F4A86DA8A13FA34EEF BaseClass: NativeClass:/Script/Engine.StaticMeshActor Name:StaticMeshActor_UAID_4CCC6A277F8FFCCE01_1977559072 Label:Pillar_50x500 SpatiallyLoaded:1 Bounds:IsValid=true, Min=(X=-195.000 Y=15.000 Z=1590.000), Max=(X=-145.000 Y=65.000 Z=2090.000) RuntimeGrid:None EditorOnly:0 RuntimeOnly:0 HLODRelevant:1
 |- ContainerInstances:
 |- [+] MainContainer:
 |   |-        ID: 0x0000000000000000
 |   |-    Bounds: IsValid=false, Min=(X=0.000 Y=0.000 Z=0.000), Max=(X=0.000 Y=0.000 Z=0.000)
 |   |- Transform: 0.000000,0.000000,0.000000|0.000000,0.000000,-0.000000|1.000000,1.000000,1.000000
 |   |- Container: /Game/FirstPerson/Maps/FirstPersonMap
----------------------------------------------------------------------------------------------------------------
FirstPersonMap - Persistent Level
----------------------------------------------------------------------------------------------------------------
Always loaded Actor Count: 55 

----------------------------------------------------------------------------------------------------------------
FirstPersonMap - Runtime Spatial Hash - Streaming Grid - MainGrid
----------------------------------------------------------------------------------------------------------------
            Origin: X=0.000 Y=0.000 Z=0.000
         Cell Size: 12800
      World Bounds: IsValid=false, Min=(X=0.000 Y=0.000 Z=0.000), Max=(X=0.000 Y=0.000 Z=0.000)
     Loading Range: 25600.00
Block Slow Loading: No
 ClientOnlyVisible: No

[+] Grid Levels: 1
 |- Level  0: Cell Count    0 | Cell Size   12800 | Actor Count    0 (0.0%)

[+] Content of Grid Level 0

